;  LST file generated by mikroListExporter - v.2.0 
; Date/Time: 12/06/2024 11:26:10
;----------------------------------------------

;Address Opcode 	ASM
0x0000	0xF004EFF8  	GOTO        2544
_interrupt:
;main.c,53 :: 		void interrupt(void) {
0x0008	0xF017C000  	MOVFF       R0, 23
0x000C	0xF016C001  	MOVFF       R1, 22
0x0010	0xF015C002  	MOVFF       R2, 21
;main.c,58 :: 		if(PIR1.RCIF==1){ // Reception de données pour controler le PIC
0x0014	0xF01ACFE1  	MOVFF       FSR1L, 26
0x0018	0xF01BCFE2  	MOVFF       FSR1H, 27
0x001C	0xF018CFE9  	MOVFF       FSR0L, 24
0x0020	0xF019CFEA  	MOVFF       FSR0H, 25
0x0024	0xAA9E      	BTFSS       PIR1, 5 
0x0026	0xD03F      	BRA         L_interrupt35
;main.c,59 :: 		char received_data = RCREG; // Lire les données reçues
0x0028	0xF473CFAE  	MOVFF       RCREG, interrupt_received_data_L1
;main.c,60 :: 		PIR1.RCIF = 0; // Réinitialiser le drapeau d'interruption de réception
0x002C	0x9A9E      	BCF         PIR1, 5 
;main.c,61 :: 		if (received_k_factor) {
0x002E	0x503B      	MOVF        _received_k_factor, 0 
0x0030	0x103C      	IORWF       _received_k_factor+1, 0 
0x0032	0xE010      	BZ          L_interrupt36
;main.c,62 :: 		if (received_data >= '0' && received_data <= '9') {
0x0034	0x0E30      	MOVLW       48
0x0036	0x0104      	MOVLB       4
0x0038	0x5D73      	SUBWF       interrupt_received_data_L1, 0, 1
0x003A	0xE309      	BNC         L_interrupt39
0x003C	0x5173      	MOVF        interrupt_received_data_L1, 0, 1
0x003E	0x0839      	SUBLW       57
0x0040	0xE306      	BNC         L_interrupt39
L__interrupt84:
;main.c,64 :: 		k = received_data - '0';
0x0042	0x0E30      	MOVLW       48
0x0044	0x5D73      	SUBWF       interrupt_received_data_L1, 0, 1
0x0046	0x6E33      	MOVWF       _k 
0x0048	0x6A34      	CLRF        _k+1 
0x004A	0x0E00      	MOVLW       0
0x004C	0x5A34      	SUBWFB      _k+1, 1 
;main.c,65 :: 		}
L_interrupt39:
;main.c,66 :: 		received_k_factor = 0; // Réinitialiser après traitement
0x004E	0x6A3B      	CLRF        _received_k_factor 
0x0050	0x6A3C      	CLRF        _received_k_factor+1 
;main.c,67 :: 		} else {
0x0052	0xD028      	BRA         L_interrupt40
L_interrupt36:
;main.c,68 :: 		switch(received_data) {
0x0054	0xD016      	BRA         L_interrupt41
;main.c,69 :: 		case 'k':
L_interrupt43:
;main.c,70 :: 		received_k_factor = 1; // On informe le PIC que le prochain caractere sera le facteur k
0x0056	0x0E01      	MOVLW       1
0x0058	0x6E3B      	MOVWF       _received_k_factor 
0x005A	0x0E00      	MOVLW       0
0x005C	0x6E3C      	MOVWF       _received_k_factor+1 
;main.c,71 :: 		break;
0x005E	0xD022      	BRA         L_interrupt42
;main.c,72 :: 		case 'g':  // Commande GO pour lancer les mesures
L_interrupt44:
;main.c,73 :: 		flagProcess = 1;
0x0060	0x0E01      	MOVLW       1
0x0062	0x6E1C      	MOVWF       _flagProcess 
0x0064	0x0E00      	MOVLW       0
0x0066	0x6E1D      	MOVWF       _flagProcess+1 
;main.c,74 :: 		break;
0x0068	0xD01D      	BRA         L_interrupt42
;main.c,75 :: 		case 's':  // Commande STOP pour arreter les mesures
L_interrupt45:
;main.c,76 :: 		flagProcess = 0;
0x006A	0x6A1C      	CLRF        _flagProcess 
0x006C	0x6A1D      	CLRF        _flagProcess+1 
;main.c,77 :: 		break;
0x006E	0xD01A      	BRA         L_interrupt42
;main.c,78 :: 		case 'e':  // Commande ERLANG pour selectionner le mode de mesure Erlang
L_interrupt46:
;main.c,79 :: 		mode = 1;
0x0070	0x0E01      	MOVLW       1
0x0072	0x6E2D      	MOVWF       _mode 
0x0074	0x0E00      	MOVLW       0
0x0076	0x6E2E      	MOVWF       _mode+1 
;main.c,80 :: 		break;
0x0078	0xD015      	BRA         L_interrupt42
;main.c,81 :: 		case 'p':  // Commande POISSON pour selectionner le mode de mesure Poisson
L_interrupt47:
;main.c,82 :: 		mode = 0;
0x007A	0x6A2D      	CLRF        _mode 
0x007C	0x6A2E      	CLRF        _mode+1 
;main.c,83 :: 		break;
0x007E	0xD012      	BRA         L_interrupt42
;main.c,84 :: 		default:
L_interrupt48:
;main.c,86 :: 		break;
0x0080	0xD011      	BRA         L_interrupt42
;main.c,87 :: 		}
L_interrupt41:
0x0082	0x0104      	MOVLB       4
0x0084	0x5173      	MOVF        interrupt_received_data_L1, 0, 1
0x0086	0x0A6B      	XORLW       107
0x0088	0xE0E6      	BZ          L_interrupt43
0x008A	0x5173      	MOVF        interrupt_received_data_L1, 0, 1
0x008C	0x0A67      	XORLW       103
0x008E	0xE0E8      	BZ          L_interrupt44
0x0090	0x5173      	MOVF        interrupt_received_data_L1, 0, 1
0x0092	0x0A73      	XORLW       115
0x0094	0xE0EA      	BZ          L_interrupt45
0x0096	0x5173      	MOVF        interrupt_received_data_L1, 0, 1
0x0098	0x0A65      	XORLW       101
0x009A	0xE0EA      	BZ          L_interrupt46
0x009C	0x5173      	MOVF        interrupt_received_data_L1, 0, 1
0x009E	0x0A70      	XORLW       112
0x00A0	0xE0EC      	BZ          L_interrupt47
0x00A2	0xD7EE      	BRA         L_interrupt48
L_interrupt42:
;main.c,88 :: 		}
L_interrupt40:
;main.c,89 :: 		}
0x00A4	0xD05C      	BRA         L_interrupt49
L_interrupt35:
;main.c,91 :: 		if(mode==0){ // Erlang
0x00A6	0x0E00      	MOVLW       0
0x00A8	0x182E      	XORWF       _mode+1, 0 
0x00AA	0xE102      	BNZ         L__interrupt108
0x00AC	0x0E00      	MOVLW       0
0x00AE	0x182D      	XORWF       _mode, 0 
L__interrupt108:
0x00B0	0xE14B      	BNZ         L_interrupt50
;main.c,92 :: 		if(prevrb7==0){
0x00B2	0x0E00      	MOVLW       0
0x00B4	0x182A      	XORWF       _prevrb7+1, 0 
0x00B6	0xE102      	BNZ         L__interrupt109
0x00B8	0x0E00      	MOVLW       0
0x00BA	0x1829      	XORWF       _prevrb7, 0 
L__interrupt109:
0x00BC	0xE10D      	BNZ         L_interrupt51
;main.c,93 :: 		cpt = 0;      // Initialisation du compteur
0x00BE	0x6A20      	CLRF        _cpt 
0x00C0	0x6A21      	CLRF        _cpt+1 
;main.c,94 :: 		cptk = 0;     // Initialisation du compteur d'impulsion
0x00C2	0x6A39      	CLRF        _cptk 
0x00C4	0x6A3A      	CLRF        _cptk+1 
;main.c,95 :: 		flagStart = 1;// Lancement du compteur
0x00C6	0x0E01      	MOVLW       1
0x00C8	0x6E22      	MOVWF       _flagStart 
0x00CA	0x0E00      	MOVLW       0
0x00CC	0x6E23      	MOVWF       _flagStart+1 
;main.c,96 :: 		prevrb7 = 1;  // Sauvegarde de l'etat precedent de RB7
0x00CE	0x0E01      	MOVLW       1
0x00D0	0x6E29      	MOVWF       _prevrb7 
0x00D2	0x0E00      	MOVLW       0
0x00D4	0x6E2A      	MOVWF       _prevrb7+1 
;main.c,97 :: 		}
0x00D6	0xD027      	BRA         L_interrupt52
L_interrupt51:
;main.c,99 :: 		cptk++;
0x00D8	0x0E01      	MOVLW       1
0x00DA	0x2439      	ADDWF       _cptk, 0 
0x00DC	0x6E00      	MOVWF       R0 
0x00DE	0x0E00      	MOVLW       0
0x00E0	0x203A      	ADDWFC      _cptk+1, 0 
0x00E2	0x6E01      	MOVWF       R1 
0x00E4	0xF039C000  	MOVFF       R0, _cptk
0x00E8	0xF03AC001  	MOVFF       R1, _cptk+1
;main.c,100 :: 		if(cptk==k){ // Verification du nombre d'impulsion mesurees
0x00EC	0x503A      	MOVF        _cptk+1, 0 
0x00EE	0x1834      	XORWF       _k+1, 0 
0x00F0	0xE102      	BNZ         L__interrupt110
0x00F2	0x5033      	MOVF        _k, 0 
0x00F4	0x1839      	XORWF       _cptk, 0 
L__interrupt110:
0x00F6	0xE117      	BNZ         L_interrupt53
;main.c,101 :: 		flagStart = 0;      // Arret du compteur
0x00F8	0x6A22      	CLRF        _flagStart 
0x00FA	0x6A23      	CLRF        _flagStart+1 
;main.c,102 :: 		prevrb7 = 0;        // Sauvegarde de l'etat precedent du compteur
0x00FC	0x6A29      	CLRF        _prevrb7 
0x00FE	0x6A2A      	CLRF        _prevrb7+1 
;main.c,103 :: 		cpt_data[cpt]++;    // Sauvegarde de la donnee dans le canal correspondant
0x0100	0x0E41      	MOVLW       _cpt_data
0x0102	0x2420      	ADDWF       _cpt, 0 
0x0104	0x6E01      	MOVWF       R1 
0x0106	0x0E00      	MOVLW       hi_addr(_cpt_data)
0x0108	0x2021      	ADDWFC      _cpt+1, 0 
0x010A	0x6E02      	MOVWF       R2 
0x010C	0xFFE9C001  	MOVFF       R1, FSR0L
0x0110	0xFFEAC002  	MOVFF       R2, FSR0H
0x0114	0xF000CFEE  	MOVFF       POSTINC0, R0
0x0118	0x2A00      	INCF        R0, 1 
0x011A	0xFFE1C001  	MOVFF       R1, FSR1L
0x011E	0xFFE2C002  	MOVFF       R2, FSR1H
0x0122	0xFFE6C000  	MOVFF       R0, POSTINC1
;main.c,104 :: 		}
L_interrupt53:
;main.c,105 :: 		}
L_interrupt52:
;main.c,106 :: 		if(cpt_data[cpt]==4){  // Lorsqu'une cellule du tableau de donnee atteint sa valeur maximale, on envoie les donnees sur le PC
0x0126	0x0E41      	MOVLW       _cpt_data
0x0128	0x2420      	ADDWF       _cpt, 0 
0x012A	0x6EE9      	MOVWF       FSR0L 
0x012C	0x0E00      	MOVLW       hi_addr(_cpt_data)
0x012E	0x2021      	ADDWFC      _cpt+1, 0 
0x0130	0x6EEA      	MOVWF       FSR0L+1 
0x0132	0xF001CFEE  	MOVFF       POSTINC0, R1
0x0136	0x5001      	MOVF        R1, 0 
0x0138	0x0A04      	XORLW       4
0x013A	0xE106      	BNZ         L_interrupt54
;main.c,107 :: 		INTCON &= 0b00110111; // Desactive les interruptions
0x013C	0x0E37      	MOVLW       55
0x013E	0x16F2      	ANDWF       INTCON, 1 
;main.c,108 :: 		flagWrite = 1; // On active le flag d'ecriture des donnees
0x0140	0x0E01      	MOVLW       1
0x0142	0x6E25      	MOVWF       _flagWrite 
0x0144	0x0E00      	MOVLW       0
0x0146	0x6E26      	MOVWF       _flagWrite+1 
;main.c,109 :: 		}
L_interrupt54:
;main.c,110 :: 		}
L_interrupt50:
;main.c,112 :: 		if(mode==1){ //Poisson
0x0148	0x0E00      	MOVLW       0
0x014A	0x182E      	XORWF       _mode+1, 0 
0x014C	0xE102      	BNZ         L__interrupt111
0x014E	0x0E01      	MOVLW       1
0x0150	0x182D      	XORWF       _mode, 0 
L__interrupt111:
0x0152	0xE101      	BNZ         L_interrupt55
;main.c,113 :: 		Counting(); // Comptage du nombre d'impulsion sur cpt lors de la detection d'une impulsion
0x0154	0xDBF8      	RCALL       _Counting
;main.c,114 :: 		}
L_interrupt55:
;main.c,117 :: 		while(PORTB.B7==1); // On attend que l'impulsion se termine pour sortir de l'interruption (necessaire lors de test par appui sur bouton)
L_interrupt56:
0x0156	0xAE81      	BTFSS       PORTB, 7 
0x0158	0xD001      	BRA         L_interrupt57
0x015A	0xD7FD      	BRA         L_interrupt56
L_interrupt57:
;main.c,118 :: 		INTCON.RBIF = 0; // Reinitialise le flag d'interruption RBIF
0x015C	0x90F2      	BCF         INTCON, 0 
;main.c,119 :: 		}
L_interrupt49:
;main.c,120 :: 		}
L_end_interrupt:
L__interrupt107:
0x015E	0xF000C017  	MOVFF       23, R0
0x0162	0xF001C016  	MOVFF       22, R1
0x0166	0xF002C015  	MOVFF       21, R2
0x016A	0xFFE9C018  	MOVFF       24, FSR0L
0x016E	0xFFEAC019  	MOVFF       25, FSR0H
0x0172	0xFFE1C01A  	MOVFF       26, FSR1L
0x0176	0xFFE2C01B  	MOVFF       27, FSR1H
0x017A	0x0011      	RETFIE      1
; end of _interrupt
_Div_32x32_U:
;__Lib_Math.c,1162 :: 		
;__Lib_Math.c,1173 :: 		
0x017C	0x6A0B      	CLRF        R11, 0
;__Lib_Math.c,1174 :: 		
0x017E	0x6A0A      	CLRF        R10, 0
;__Lib_Math.c,1175 :: 		
0x0180	0x6A09      	CLRF        R9, 0
;__Lib_Math.c,1176 :: 		
0x0182	0x6A08      	CLRF        R8, 0
;__Lib_Math.c,1178 :: 		
0x0184	0x6A0E      	CLRF        R14, 0
;__Lib_Math.c,1180 :: 		
0x0186	0x3403      	RLCF        R3, 0, 0
;__Lib_Math.c,1181 :: 		
0x0188	0x3608      	RLCF        R8, 1, 0
;__Lib_Math.c,1182 :: 		
0x018A	0x5004      	MOVF        R4, 0, 0
;__Lib_Math.c,1183 :: 		
0x018C	0x5E08      	SUBWF       R8, 1, 0
;__Lib_Math.c,1184 :: 		
0x018E	0x5005      	MOVF        R5, 0, 0
;__Lib_Math.c,1185 :: 		
0x0190	0xA0D8      	BTFSS       STATUS, 0, 0
;__Lib_Math.c,1186 :: 		
0x0192	0x3C05      	INCFSZ      R5, 0, 0
;__Lib_Math.c,1187 :: 		
0x0194	0x5E09      	SUBWF       R9, 1, 0
;__Lib_Math.c,1188 :: 		
0x0196	0x5006      	MOVF        R6, 0, 0
;__Lib_Math.c,1189 :: 		
0x0198	0xA0D8      	BTFSS       STATUS, 0, 0
;__Lib_Math.c,1190 :: 		
0x019A	0x3C06      	INCFSZ      R6, 0, 0
;__Lib_Math.c,1191 :: 		
0x019C	0x5E0A      	SUBWF       R10, 1, 0
;__Lib_Math.c,1192 :: 		
0x019E	0x5007      	MOVF        R7, 0, 0
;__Lib_Math.c,1193 :: 		
0x01A0	0xA0D8      	BTFSS       STATUS, 0, 0
;__Lib_Math.c,1194 :: 		
0x01A2	0x3C07      	INCFSZ      R7, 0, 0
;__Lib_Math.c,1195 :: 		
0x01A4	0x5E0B      	SUBWF       R11, 1, 0
;__Lib_Math.c,1197 :: 		
0x01A6	0x6AE8      	CLRF        WREG, 0
;__Lib_Math.c,1198 :: 		
0x01A8	0xA0D8      	BTFSS       STATUS, 0, 0
;__Lib_Math.c,1199 :: 		
0x01AA	0x0E01      	MOVLW       1
;__Lib_Math.c,1200 :: 		
0x01AC	0x5E0E      	SUBWF       R14, 1, 0
;__Lib_Math.c,1201 :: 		
0x01AE	0x3603      	RLCF        R3, 1, 0
;__Lib_Math.c,1203 :: 		
0x01B0	0x0E07      	MOVLW       7
;__Lib_Math.c,1204 :: 		
0x01B2	0x6E0C      	MOVWF       R12, 0
;__Lib_Math.c,1206 :: 		
LOOPU3232A:
;__Lib_Math.c,1207 :: 		
0x01B4	0x3403      	RLCF        R3, 0, 0
;__Lib_Math.c,1208 :: 		
0x01B6	0x3608      	RLCF        R8, 1, 0
;__Lib_Math.c,1209 :: 		
0x01B8	0x3609      	RLCF        R9, 1, 0
;__Lib_Math.c,1210 :: 		
0x01BA	0x360A      	RLCF        R10, 1, 0
;__Lib_Math.c,1211 :: 		
0x01BC	0x360B      	RLCF        R11, 1, 0
;__Lib_Math.c,1212 :: 		
0x01BE	0x360E      	RLCF        R14, 1, 0
;__Lib_Math.c,1213 :: 		
0x01C0	0x5004      	MOVF        R4, 0, 0
;__Lib_Math.c,1214 :: 		
0x01C2	0xA003      	BTFSS       R3, 0, 0
;__Lib_Math.c,1215 :: 		
0x01C4	0xD012      	BRA         UADD22LA
;__Lib_Math.c,1217 :: 		
0x01C6	0x5E08      	SUBWF       R8, 1, 0
;__Lib_Math.c,1218 :: 		
0x01C8	0x5005      	MOVF        R5, 0, 0
;__Lib_Math.c,1219 :: 		
0x01CA	0xA0D8      	BTFSS       STATUS, 0, 0
;__Lib_Math.c,1220 :: 		
0x01CC	0x3C05      	INCFSZ      R5, 0, 0
;__Lib_Math.c,1221 :: 		
0x01CE	0x5E09      	SUBWF       R9, 1, 0
;__Lib_Math.c,1222 :: 		
0x01D0	0x5006      	MOVF        R6, 0, 0
;__Lib_Math.c,1223 :: 		
0x01D2	0xA0D8      	BTFSS       STATUS, 0, 0
;__Lib_Math.c,1224 :: 		
0x01D4	0x3C06      	INCFSZ      R6, 0, 0
;__Lib_Math.c,1225 :: 		
0x01D6	0x5E0A      	SUBWF       R10, 1, 0
;__Lib_Math.c,1226 :: 		
0x01D8	0x5007      	MOVF        R7, 0, 0
;__Lib_Math.c,1227 :: 		
0x01DA	0xA0D8      	BTFSS       STATUS, 0, 0
;__Lib_Math.c,1228 :: 		
0x01DC	0x3C07      	INCFSZ      R7, 0, 0
;__Lib_Math.c,1229 :: 		
0x01DE	0x5E0B      	SUBWF       R11, 1, 0
;__Lib_Math.c,1230 :: 		
0x01E0	0x6AE8      	CLRF        WREG, 0
;__Lib_Math.c,1231 :: 		
0x01E2	0xA0D8      	BTFSS       STATUS, 0, 0
;__Lib_Math.c,1232 :: 		
0x01E4	0x0E01      	MOVLW       1
;__Lib_Math.c,1233 :: 		
0x01E6	0x5E0E      	SUBWF       R14, 1, 0
;__Lib_Math.c,1234 :: 		
0x01E8	0xD011      	BRA         UOK22LA
;__Lib_Math.c,1236 :: 		
UADD22LA:
;__Lib_Math.c,1237 :: 		
0x01EA	0x2608      	ADDWF       R8, 1, 0
;__Lib_Math.c,1238 :: 		
0x01EC	0x5005      	MOVF        R5, 0, 0
;__Lib_Math.c,1239 :: 		
0x01EE	0xB0D8      	BTFSC       STATUS, 0, 0
;__Lib_Math.c,1240 :: 		
0x01F0	0x3C05      	INCFSZ      R5, 0, 0
;__Lib_Math.c,1241 :: 		
0x01F2	0x2609      	ADDWF       R9, 1, 0
;__Lib_Math.c,1242 :: 		
0x01F4	0x5006      	MOVF        R6, 0, 0
;__Lib_Math.c,1243 :: 		
0x01F6	0xB0D8      	BTFSC       STATUS, 0, 0
;__Lib_Math.c,1244 :: 		
0x01F8	0x3C06      	INCFSZ      R6, 0, 0
;__Lib_Math.c,1245 :: 		
0x01FA	0x260A      	ADDWF       R10, 1, 0
;__Lib_Math.c,1246 :: 		
0x01FC	0x5007      	MOVF        R7, 0, 0
;__Lib_Math.c,1247 :: 		
0x01FE	0xB0D8      	BTFSC       STATUS, 0, 0
;__Lib_Math.c,1248 :: 		
0x0200	0x3C07      	INCFSZ      R7, 0, 0
;__Lib_Math.c,1249 :: 		
0x0202	0x260B      	ADDWF       R11, 1, 0
;__Lib_Math.c,1250 :: 		
0x0204	0x6AE8      	CLRF        WREG, 0
;__Lib_Math.c,1251 :: 		
0x0206	0xB0D8      	BTFSC       STATUS, 0, 0
;__Lib_Math.c,1252 :: 		
0x0208	0x0E01      	MOVLW       1
;__Lib_Math.c,1253 :: 		
0x020A	0x260E      	ADDWF       R14, 1, 0
;__Lib_Math.c,1255 :: 		
UOK22LA:
;__Lib_Math.c,1256 :: 		
0x020C	0x3603      	RLCF        R3, 1, 0
;__Lib_Math.c,1258 :: 		
0x020E	0x2E0C      	DECFSZ      R12, 1, 0
;__Lib_Math.c,1259 :: 		
0x0210	0xD7D1      	BRA         LOOPU3232A
;__Lib_Math.c,1261 :: 		
0x0212	0x3402      	RLCF        R2, 0, 0
;__Lib_Math.c,1262 :: 		
0x0214	0x3608      	RLCF        R8, 1, 0
;__Lib_Math.c,1263 :: 		
0x0216	0x3609      	RLCF        R9, 1, 0
;__Lib_Math.c,1264 :: 		
0x0218	0x360A      	RLCF        R10, 1, 0
;__Lib_Math.c,1265 :: 		
0x021A	0x360B      	RLCF        R11, 1, 0
;__Lib_Math.c,1266 :: 		
0x021C	0x360E      	RLCF        R14, 1, 0
;__Lib_Math.c,1267 :: 		
0x021E	0x5004      	MOVF        R4, 0, 0
;__Lib_Math.c,1268 :: 		
0x0220	0xA003      	BTFSS       R3, 0, 0
;__Lib_Math.c,1269 :: 		
0x0222	0xD012      	BRA         UADD22L8
;__Lib_Math.c,1271 :: 		
0x0224	0x5E08      	SUBWF       R8, 1, 0
;__Lib_Math.c,1272 :: 		
0x0226	0x5005      	MOVF        R5, 0, 0
;__Lib_Math.c,1273 :: 		
0x0228	0xA0D8      	BTFSS       STATUS, 0, 0
;__Lib_Math.c,1274 :: 		
0x022A	0x3C05      	INCFSZ      R5, 0, 0
;__Lib_Math.c,1275 :: 		
0x022C	0x5E09      	SUBWF       R9, 1, 0
;__Lib_Math.c,1276 :: 		
0x022E	0x5006      	MOVF        R6, 0, 0
;__Lib_Math.c,1277 :: 		
0x0230	0xA0D8      	BTFSS       STATUS, 0, 0
;__Lib_Math.c,1278 :: 		
0x0232	0x3C06      	INCFSZ      R6, 0, 0
;__Lib_Math.c,1279 :: 		
0x0234	0x5E0A      	SUBWF       R10, 1, 0
;__Lib_Math.c,1280 :: 		
0x0236	0x5007      	MOVF        R7, 0, 0
;__Lib_Math.c,1281 :: 		
0x0238	0xA0D8      	BTFSS       STATUS, 0, 0
;__Lib_Math.c,1282 :: 		
0x023A	0x3C07      	INCFSZ      R7, 0, 0
;__Lib_Math.c,1283 :: 		
0x023C	0x5E0B      	SUBWF       R11, 1, 0
;__Lib_Math.c,1284 :: 		
0x023E	0x6AE8      	CLRF        WREG, 0
;__Lib_Math.c,1285 :: 		
0x0240	0xA0D8      	BTFSS       STATUS, 0, 0
;__Lib_Math.c,1286 :: 		
0x0242	0x0E01      	MOVLW       1
;__Lib_Math.c,1287 :: 		
0x0244	0x5E0E      	SUBWF       R14, 1, 0
;__Lib_Math.c,1288 :: 		
0x0246	0xD011      	BRA         UOK22L8
;__Lib_Math.c,1290 :: 		
UADD22L8:
;__Lib_Math.c,1291 :: 		
0x0248	0x2608      	ADDWF       R8, 1, 0
;__Lib_Math.c,1292 :: 		
0x024A	0x5005      	MOVF        R5, 0, 0
;__Lib_Math.c,1293 :: 		
0x024C	0xB0D8      	BTFSC       STATUS, 0, 0
;__Lib_Math.c,1294 :: 		
0x024E	0x3C05      	INCFSZ      R5, 0, 0
;__Lib_Math.c,1295 :: 		
0x0250	0x2609      	ADDWF       R9, 1, 0
;__Lib_Math.c,1296 :: 		
0x0252	0x5006      	MOVF        R6, 0, 0
;__Lib_Math.c,1297 :: 		
0x0254	0xB0D8      	BTFSC       STATUS, 0, 0
;__Lib_Math.c,1298 :: 		
0x0256	0x3C06      	INCFSZ      R6, 0, 0
;__Lib_Math.c,1299 :: 		
0x0258	0x260A      	ADDWF       R10, 1, 0
;__Lib_Math.c,1300 :: 		
0x025A	0x5007      	MOVF        R7, 0, 0
;__Lib_Math.c,1301 :: 		
0x025C	0xB0D8      	BTFSC       STATUS, 0, 0
;__Lib_Math.c,1302 :: 		
0x025E	0x3C07      	INCFSZ      R7, 0, 0
;__Lib_Math.c,1303 :: 		
0x0260	0x260B      	ADDWF       R11, 1, 0
;__Lib_Math.c,1304 :: 		
0x0262	0x6AE8      	CLRF        WREG, 0
;__Lib_Math.c,1305 :: 		
0x0264	0xB0D8      	BTFSC       STATUS, 0, 0
;__Lib_Math.c,1306 :: 		
0x0266	0x0E01      	MOVLW       1
;__Lib_Math.c,1307 :: 		
0x0268	0x260E      	ADDWF       R14, 1, 0
;__Lib_Math.c,1309 :: 		
UOK22L8:
;__Lib_Math.c,1310 :: 		
0x026A	0x3602      	RLCF        R2, 1, 0
;__Lib_Math.c,1312 :: 		
0x026C	0x0E07      	MOVLW       7
;__Lib_Math.c,1313 :: 		
0x026E	0x6E0C      	MOVWF       R12, 0
;__Lib_Math.c,1315 :: 		
LOOPU3232B:
;__Lib_Math.c,1316 :: 		
0x0270	0x3402      	RLCF        R2, 0, 0
;__Lib_Math.c,1317 :: 		
0x0272	0x3608      	RLCF        R8, 1, 0
;__Lib_Math.c,1318 :: 		
0x0274	0x3609      	RLCF        R9, 1, 0
;__Lib_Math.c,1319 :: 		
0x0276	0x360A      	RLCF        R10, 1, 0
;__Lib_Math.c,1320 :: 		
0x0278	0x360B      	RLCF        R11, 1, 0
;__Lib_Math.c,1321 :: 		
0x027A	0x360E      	RLCF        R14, 1, 0
;__Lib_Math.c,1322 :: 		
0x027C	0x5004      	MOVF        R4, 0, 0
;__Lib_Math.c,1323 :: 		
0x027E	0xA002      	BTFSS       R2, 0, 0
;__Lib_Math.c,1324 :: 		
0x0280	0xD012      	BRA         UADD22LB
;__Lib_Math.c,1326 :: 		
0x0282	0x5E08      	SUBWF       R8, 1, 0
;__Lib_Math.c,1327 :: 		
0x0284	0x5005      	MOVF        R5, 0, 0
;__Lib_Math.c,1328 :: 		
0x0286	0xA0D8      	BTFSS       STATUS, 0, 0
;__Lib_Math.c,1329 :: 		
0x0288	0x3C05      	INCFSZ      R5, 0, 0
;__Lib_Math.c,1330 :: 		
0x028A	0x5E09      	SUBWF       R9, 1, 0
;__Lib_Math.c,1331 :: 		
0x028C	0x5006      	MOVF        R6, 0, 0
;__Lib_Math.c,1332 :: 		
0x028E	0xA0D8      	BTFSS       STATUS, 0, 0
;__Lib_Math.c,1333 :: 		
0x0290	0x3C06      	INCFSZ      R6, 0, 0
;__Lib_Math.c,1334 :: 		
0x0292	0x5E0A      	SUBWF       R10, 1, 0
;__Lib_Math.c,1335 :: 		
0x0294	0x5007      	MOVF        R7, 0, 0
;__Lib_Math.c,1336 :: 		
0x0296	0xA0D8      	BTFSS       STATUS, 0, 0
;__Lib_Math.c,1337 :: 		
0x0298	0x3C07      	INCFSZ      R7, 0, 0
;__Lib_Math.c,1338 :: 		
0x029A	0x5E0B      	SUBWF       R11, 1, 0
;__Lib_Math.c,1339 :: 		
0x029C	0x6AE8      	CLRF        WREG, 0
;__Lib_Math.c,1340 :: 		
0x029E	0xA0D8      	BTFSS       STATUS, 0, 0
;__Lib_Math.c,1341 :: 		
0x02A0	0x0E01      	MOVLW       1
;__Lib_Math.c,1342 :: 		
0x02A2	0x5E0E      	SUBWF       R14, 1, 0
;__Lib_Math.c,1343 :: 		
0x02A4	0xD011      	BRA         UOK22LB
;__Lib_Math.c,1345 :: 		
UADD22LB:
;__Lib_Math.c,1346 :: 		
0x02A6	0x2608      	ADDWF       R8, 1, 0
;__Lib_Math.c,1347 :: 		
0x02A8	0x5005      	MOVF        R5, 0, 0
;__Lib_Math.c,1348 :: 		
0x02AA	0xB0D8      	BTFSC       STATUS, 0, 0
;__Lib_Math.c,1349 :: 		
0x02AC	0x3C05      	INCFSZ      R5, 0, 0
;__Lib_Math.c,1350 :: 		
0x02AE	0x2609      	ADDWF       R9, 1, 0
;__Lib_Math.c,1351 :: 		
0x02B0	0x5006      	MOVF        R6, 0, 0
;__Lib_Math.c,1352 :: 		
0x02B2	0xB0D8      	BTFSC       STATUS, 0, 0
;__Lib_Math.c,1353 :: 		
0x02B4	0x3C06      	INCFSZ      R6, 0, 0
;__Lib_Math.c,1354 :: 		
0x02B6	0x260A      	ADDWF       R10, 1, 0
;__Lib_Math.c,1355 :: 		
0x02B8	0x5007      	MOVF        R7, 0, 0
;__Lib_Math.c,1356 :: 		
0x02BA	0xB0D8      	BTFSC       STATUS, 0, 0
;__Lib_Math.c,1357 :: 		
0x02BC	0x3C07      	INCFSZ      R7, 0, 0
;__Lib_Math.c,1358 :: 		
0x02BE	0x260B      	ADDWF       R11, 1, 0
;__Lib_Math.c,1359 :: 		
0x02C0	0x6AE8      	CLRF        WREG, 0
;__Lib_Math.c,1360 :: 		
0x02C2	0xB0D8      	BTFSC       STATUS, 0, 0
;__Lib_Math.c,1361 :: 		
0x02C4	0x0E01      	MOVLW       1
;__Lib_Math.c,1362 :: 		
0x02C6	0x260E      	ADDWF       R14, 1, 0
;__Lib_Math.c,1364 :: 		
UOK22LB:
;__Lib_Math.c,1365 :: 		
0x02C8	0x3602      	RLCF        R2, 1, 0
;__Lib_Math.c,1367 :: 		
0x02CA	0x2E0C      	DECFSZ      R12, 1, 0
;__Lib_Math.c,1368 :: 		
0x02CC	0xD7D1      	BRA         LOOPU3232B
;__Lib_Math.c,1370 :: 		
0x02CE	0x3401      	RLCF        R1, 0, 0
;__Lib_Math.c,1371 :: 		
0x02D0	0x3608      	RLCF        R8, 1, 0
;__Lib_Math.c,1372 :: 		
0x02D2	0x3609      	RLCF        R9, 1, 0
;__Lib_Math.c,1373 :: 		
0x02D4	0x360A      	RLCF        R10, 1, 0
;__Lib_Math.c,1374 :: 		
0x02D6	0x360B      	RLCF        R11, 1, 0
;__Lib_Math.c,1375 :: 		
0x02D8	0x360E      	RLCF        R14, 1, 0
;__Lib_Math.c,1376 :: 		
0x02DA	0x5004      	MOVF        R4, 0, 0
;__Lib_Math.c,1377 :: 		
0x02DC	0xA002      	BTFSS       R2, 0, 0
;__Lib_Math.c,1378 :: 		
0x02DE	0xD012      	BRA         UADD22L16
;__Lib_Math.c,1380 :: 		
0x02E0	0x5E08      	SUBWF       R8, 1, 0
;__Lib_Math.c,1381 :: 		
0x02E2	0x5005      	MOVF        R5, 0, 0
;__Lib_Math.c,1382 :: 		
0x02E4	0xA0D8      	BTFSS       STATUS, 0, 0
;__Lib_Math.c,1383 :: 		
0x02E6	0x3C05      	INCFSZ      R5, 0, 0
;__Lib_Math.c,1384 :: 		
0x02E8	0x5E09      	SUBWF       R9, 1, 0
;__Lib_Math.c,1385 :: 		
0x02EA	0x5006      	MOVF        R6, 0, 0
;__Lib_Math.c,1386 :: 		
0x02EC	0xA0D8      	BTFSS       STATUS, 0, 0
;__Lib_Math.c,1387 :: 		
0x02EE	0x3C06      	INCFSZ      R6, 0, 0
;__Lib_Math.c,1388 :: 		
0x02F0	0x5E0A      	SUBWF       R10, 1, 0
;__Lib_Math.c,1389 :: 		
0x02F2	0x5007      	MOVF        R7, 0, 0
;__Lib_Math.c,1390 :: 		
0x02F4	0xA0D8      	BTFSS       STATUS, 0, 0
;__Lib_Math.c,1391 :: 		
0x02F6	0x3C07      	INCFSZ      R7, 0, 0
;__Lib_Math.c,1392 :: 		
0x02F8	0x5E0B      	SUBWF       R11, 1, 0
;__Lib_Math.c,1393 :: 		
0x02FA	0x6AE8      	CLRF        WREG, 0
;__Lib_Math.c,1394 :: 		
0x02FC	0xA0D8      	BTFSS       STATUS, 0, 0
;__Lib_Math.c,1395 :: 		
0x02FE	0x0E01      	MOVLW       1
;__Lib_Math.c,1396 :: 		
0x0300	0x5E0E      	SUBWF       R14, 1, 0
;__Lib_Math.c,1397 :: 		
0x0302	0xD011      	BRA         UOK22L16
;__Lib_Math.c,1399 :: 		
UADD22L16:
;__Lib_Math.c,1400 :: 		
0x0304	0x2608      	ADDWF       R8, 1, 0
;__Lib_Math.c,1401 :: 		
0x0306	0x5005      	MOVF        R5, 0, 0
;__Lib_Math.c,1402 :: 		
0x0308	0xB0D8      	BTFSC       STATUS, 0, 0
;__Lib_Math.c,1403 :: 		
0x030A	0x3C05      	INCFSZ      R5, 0, 0
;__Lib_Math.c,1404 :: 		
0x030C	0x2609      	ADDWF       R9, 1, 0
;__Lib_Math.c,1405 :: 		
0x030E	0x5006      	MOVF        R6, 0, 0
;__Lib_Math.c,1406 :: 		
0x0310	0xB0D8      	BTFSC       STATUS, 0, 0
;__Lib_Math.c,1407 :: 		
0x0312	0x3C06      	INCFSZ      R6, 0, 0
;__Lib_Math.c,1408 :: 		
0x0314	0x260A      	ADDWF       R10, 1, 0
;__Lib_Math.c,1409 :: 		
0x0316	0x5007      	MOVF        R7, 0, 0
;__Lib_Math.c,1410 :: 		
0x0318	0xB0D8      	BTFSC       STATUS, 0, 0
;__Lib_Math.c,1411 :: 		
0x031A	0x3C07      	INCFSZ      R7, 0, 0
;__Lib_Math.c,1412 :: 		
0x031C	0x260B      	ADDWF       R11, 1, 0
;__Lib_Math.c,1413 :: 		
0x031E	0x6AE8      	CLRF        WREG, 0
;__Lib_Math.c,1414 :: 		
0x0320	0xB0D8      	BTFSC       STATUS, 0, 0
;__Lib_Math.c,1415 :: 		
0x0322	0x0E01      	MOVLW       1
;__Lib_Math.c,1416 :: 		
0x0324	0x260E      	ADDWF       R14, 1, 0
;__Lib_Math.c,1418 :: 		
UOK22L16:
;__Lib_Math.c,1419 :: 		
0x0326	0x3601      	RLCF        R1, 1, 0
;__Lib_Math.c,1421 :: 		
0x0328	0x0E07      	MOVLW       7
;__Lib_Math.c,1422 :: 		
0x032A	0x6E0C      	MOVWF       R12, 0
;__Lib_Math.c,1424 :: 		
LOOPU3232C:
;__Lib_Math.c,1425 :: 		
0x032C	0x3401      	RLCF        R1, 0, 0
;__Lib_Math.c,1426 :: 		
0x032E	0x3608      	RLCF        R8, 1, 0
;__Lib_Math.c,1427 :: 		
0x0330	0x3609      	RLCF        R9, 1, 0
;__Lib_Math.c,1428 :: 		
0x0332	0x360A      	RLCF        R10, 1, 0
;__Lib_Math.c,1429 :: 		
0x0334	0x360B      	RLCF        R11, 1, 0
;__Lib_Math.c,1430 :: 		
0x0336	0x360E      	RLCF        R14, 1, 0
;__Lib_Math.c,1431 :: 		
0x0338	0x5004      	MOVF        R4, 0, 0
;__Lib_Math.c,1432 :: 		
0x033A	0xA001      	BTFSS       R1, 0, 0
;__Lib_Math.c,1433 :: 		
0x033C	0xD012      	BRA         UADD22LC
;__Lib_Math.c,1435 :: 		
0x033E	0x5E08      	SUBWF       R8, 1, 0
;__Lib_Math.c,1436 :: 		
0x0340	0x5005      	MOVF        R5, 0, 0
;__Lib_Math.c,1437 :: 		
0x0342	0xA0D8      	BTFSS       STATUS, 0, 0
;__Lib_Math.c,1438 :: 		
0x0344	0x3C05      	INCFSZ      R5, 0, 0
;__Lib_Math.c,1439 :: 		
0x0346	0x5E09      	SUBWF       R9, 1, 0
;__Lib_Math.c,1440 :: 		
0x0348	0x5006      	MOVF        R6, 0, 0
;__Lib_Math.c,1441 :: 		
0x034A	0xA0D8      	BTFSS       STATUS, 0, 0
;__Lib_Math.c,1442 :: 		
0x034C	0x3C06      	INCFSZ      R6, 0, 0
;__Lib_Math.c,1443 :: 		
0x034E	0x5E0A      	SUBWF       R10, 1, 0
;__Lib_Math.c,1444 :: 		
0x0350	0x5007      	MOVF        R7, 0, 0
;__Lib_Math.c,1445 :: 		
0x0352	0xA0D8      	BTFSS       STATUS, 0, 0
;__Lib_Math.c,1446 :: 		
0x0354	0x3C07      	INCFSZ      R7, 0, 0
;__Lib_Math.c,1447 :: 		
0x0356	0x5E0B      	SUBWF       R11, 1, 0
;__Lib_Math.c,1448 :: 		
0x0358	0x6AE8      	CLRF        WREG, 0
;__Lib_Math.c,1449 :: 		
0x035A	0xA0D8      	BTFSS       STATUS, 0, 0
;__Lib_Math.c,1450 :: 		
0x035C	0x0E01      	MOVLW       1
;__Lib_Math.c,1451 :: 		
0x035E	0x5E0E      	SUBWF       R14, 1, 0
;__Lib_Math.c,1452 :: 		
0x0360	0xD011      	BRA         UOK22LC
;__Lib_Math.c,1454 :: 		
UADD22LC:
;__Lib_Math.c,1455 :: 		
0x0362	0x2608      	ADDWF       R8, 1, 0
;__Lib_Math.c,1456 :: 		
0x0364	0x5005      	MOVF        R5, 0, 0
;__Lib_Math.c,1457 :: 		
0x0366	0xB0D8      	BTFSC       STATUS, 0, 0
;__Lib_Math.c,1458 :: 		
0x0368	0x3C05      	INCFSZ      R5, 0, 0
;__Lib_Math.c,1459 :: 		
0x036A	0x2609      	ADDWF       R9, 1, 0
;__Lib_Math.c,1460 :: 		
0x036C	0x5006      	MOVF        R6, 0, 0
;__Lib_Math.c,1461 :: 		
0x036E	0xB0D8      	BTFSC       STATUS, 0, 0
;__Lib_Math.c,1462 :: 		
0x0370	0x3C06      	INCFSZ      R6, 0, 0
;__Lib_Math.c,1463 :: 		
0x0372	0x260A      	ADDWF       R10, 1, 0
;__Lib_Math.c,1464 :: 		
0x0374	0x5007      	MOVF        R7, 0, 0
;__Lib_Math.c,1465 :: 		
0x0376	0xB0D8      	BTFSC       STATUS, 0, 0
;__Lib_Math.c,1466 :: 		
0x0378	0x3C07      	INCFSZ      R7, 0, 0
;__Lib_Math.c,1467 :: 		
0x037A	0x260B      	ADDWF       R11, 1, 0
;__Lib_Math.c,1468 :: 		
0x037C	0x6AE8      	CLRF        WREG, 0
;__Lib_Math.c,1469 :: 		
0x037E	0xB0D8      	BTFSC       STATUS, 0, 0
;__Lib_Math.c,1470 :: 		
0x0380	0x0E01      	MOVLW       1
;__Lib_Math.c,1471 :: 		
0x0382	0x260E      	ADDWF       R14, 1, 0
;__Lib_Math.c,1473 :: 		
UOK22LC:
;__Lib_Math.c,1474 :: 		
0x0384	0x3601      	RLCF        R1, 1, 0
;__Lib_Math.c,1476 :: 		
0x0386	0x2E0C      	DECFSZ      R12, 1, 0
;__Lib_Math.c,1477 :: 		
0x0388	0xD7D1      	BRA         LOOPU3232C
;__Lib_Math.c,1479 :: 		
0x038A	0x3400      	RLCF        R0, 0, 0
;__Lib_Math.c,1480 :: 		
0x038C	0x3608      	RLCF        R8, 1, 0
;__Lib_Math.c,1481 :: 		
0x038E	0x3609      	RLCF        R9, 1, 0
;__Lib_Math.c,1482 :: 		
0x0390	0x360A      	RLCF        R10, 1, 0
;__Lib_Math.c,1483 :: 		
0x0392	0x360B      	RLCF        R11, 1, 0
;__Lib_Math.c,1484 :: 		
0x0394	0x360E      	RLCF        R14, 1, 0
;__Lib_Math.c,1485 :: 		
0x0396	0x5004      	MOVF        R4, 0, 0
;__Lib_Math.c,1486 :: 		
0x0398	0xA001      	BTFSS       R1, 0, 0
;__Lib_Math.c,1487 :: 		
0x039A	0xD012      	BRA         UADD22L24
;__Lib_Math.c,1489 :: 		
0x039C	0x5E08      	SUBWF       R8, 1, 0
;__Lib_Math.c,1490 :: 		
0x039E	0x5005      	MOVF        R5, 0, 0
;__Lib_Math.c,1491 :: 		
0x03A0	0xA0D8      	BTFSS       STATUS, 0, 0
;__Lib_Math.c,1492 :: 		
0x03A2	0x3C05      	INCFSZ      R5, 0, 0
;__Lib_Math.c,1493 :: 		
0x03A4	0x5E09      	SUBWF       R9, 1, 0
;__Lib_Math.c,1494 :: 		
0x03A6	0x5006      	MOVF        R6, 0, 0
;__Lib_Math.c,1495 :: 		
0x03A8	0xA0D8      	BTFSS       STATUS, 0, 0
;__Lib_Math.c,1496 :: 		
0x03AA	0x3C06      	INCFSZ      R6, 0, 0
;__Lib_Math.c,1497 :: 		
0x03AC	0x5E0A      	SUBWF       R10, 1, 0
;__Lib_Math.c,1498 :: 		
0x03AE	0x5007      	MOVF        R7, 0, 0
;__Lib_Math.c,1499 :: 		
0x03B0	0xA0D8      	BTFSS       STATUS, 0, 0
;__Lib_Math.c,1500 :: 		
0x03B2	0x3C07      	INCFSZ      R7, 0, 0
;__Lib_Math.c,1501 :: 		
0x03B4	0x5E0B      	SUBWF       R11, 1, 0
;__Lib_Math.c,1502 :: 		
0x03B6	0x6AE8      	CLRF        WREG, 0
;__Lib_Math.c,1503 :: 		
0x03B8	0xA0D8      	BTFSS       STATUS, 0, 0
;__Lib_Math.c,1504 :: 		
0x03BA	0x0E01      	MOVLW       1
;__Lib_Math.c,1505 :: 		
0x03BC	0x5E0E      	SUBWF       R14, 1, 0
;__Lib_Math.c,1506 :: 		
0x03BE	0xD011      	BRA         UOK22L24
;__Lib_Math.c,1508 :: 		
UADD22L24:
;__Lib_Math.c,1509 :: 		
0x03C0	0x2608      	ADDWF       R8, 1, 0
;__Lib_Math.c,1510 :: 		
0x03C2	0x5005      	MOVF        R5, 0, 0
;__Lib_Math.c,1511 :: 		
0x03C4	0xB0D8      	BTFSC       STATUS, 0, 0
;__Lib_Math.c,1512 :: 		
0x03C6	0x3C05      	INCFSZ      R5, 0, 0
;__Lib_Math.c,1513 :: 		
0x03C8	0x2609      	ADDWF       R9, 1, 0
;__Lib_Math.c,1514 :: 		
0x03CA	0x5006      	MOVF        R6, 0, 0
;__Lib_Math.c,1515 :: 		
0x03CC	0xB0D8      	BTFSC       STATUS, 0, 0
;__Lib_Math.c,1516 :: 		
0x03CE	0x3C06      	INCFSZ      R6, 0, 0
;__Lib_Math.c,1517 :: 		
0x03D0	0x260A      	ADDWF       R10, 1, 0
;__Lib_Math.c,1518 :: 		
0x03D2	0x5007      	MOVF        R7, 0, 0
;__Lib_Math.c,1519 :: 		
0x03D4	0xB0D8      	BTFSC       STATUS, 0, 0
;__Lib_Math.c,1520 :: 		
0x03D6	0x3C07      	INCFSZ      R7, 0, 0
;__Lib_Math.c,1521 :: 		
0x03D8	0x260B      	ADDWF       R11, 1, 0
;__Lib_Math.c,1522 :: 		
0x03DA	0x6AE8      	CLRF        WREG, 0
;__Lib_Math.c,1523 :: 		
0x03DC	0xB0D8      	BTFSC       STATUS, 0, 0
;__Lib_Math.c,1524 :: 		
0x03DE	0x0E01      	MOVLW       1
;__Lib_Math.c,1525 :: 		
0x03E0	0x260E      	ADDWF       R14, 1, 0
;__Lib_Math.c,1527 :: 		
UOK22L24:
;__Lib_Math.c,1528 :: 		
0x03E2	0x3600      	RLCF        R0, 1, 0
;__Lib_Math.c,1530 :: 		
0x03E4	0x0E07      	MOVLW       7
;__Lib_Math.c,1531 :: 		
0x03E6	0x6E0C      	MOVWF       R12, 0
;__Lib_Math.c,1533 :: 		
LOOPU3232D:
;__Lib_Math.c,1534 :: 		
0x03E8	0x3400      	RLCF        R0, 0, 0
;__Lib_Math.c,1535 :: 		
0x03EA	0x3608      	RLCF        R8, 1, 0
;__Lib_Math.c,1536 :: 		
0x03EC	0x3609      	RLCF        R9, 1, 0
;__Lib_Math.c,1537 :: 		
0x03EE	0x360A      	RLCF        R10, 1, 0
;__Lib_Math.c,1538 :: 		
0x03F0	0x360B      	RLCF        R11, 1, 0
;__Lib_Math.c,1539 :: 		
0x03F2	0x360E      	RLCF        R14, 1, 0
;__Lib_Math.c,1540 :: 		
0x03F4	0x5004      	MOVF        R4, 0, 0
;__Lib_Math.c,1541 :: 		
0x03F6	0xA000      	BTFSS       R0, 0, 0
;__Lib_Math.c,1542 :: 		
0x03F8	0xD012      	BRA         UADD22LD
;__Lib_Math.c,1544 :: 		
0x03FA	0x5E08      	SUBWF       R8, 1, 0
;__Lib_Math.c,1545 :: 		
0x03FC	0x5005      	MOVF        R5, 0, 0
;__Lib_Math.c,1546 :: 		
0x03FE	0xA0D8      	BTFSS       STATUS, 0, 0
;__Lib_Math.c,1547 :: 		
0x0400	0x3C05      	INCFSZ      R5, 0, 0
;__Lib_Math.c,1548 :: 		
0x0402	0x5E09      	SUBWF       R9, 1, 0
;__Lib_Math.c,1549 :: 		
0x0404	0x5006      	MOVF        R6, 0, 0
;__Lib_Math.c,1550 :: 		
0x0406	0xA0D8      	BTFSS       STATUS, 0, 0
;__Lib_Math.c,1551 :: 		
0x0408	0x3C06      	INCFSZ      R6, 0, 0
;__Lib_Math.c,1552 :: 		
0x040A	0x5E0A      	SUBWF       R10, 1, 0
;__Lib_Math.c,1553 :: 		
0x040C	0x5007      	MOVF        R7, 0, 0
;__Lib_Math.c,1554 :: 		
0x040E	0xA0D8      	BTFSS       STATUS, 0, 0
;__Lib_Math.c,1555 :: 		
0x0410	0x3C07      	INCFSZ      R7, 0, 0
;__Lib_Math.c,1556 :: 		
0x0412	0x5E0B      	SUBWF       R11, 1, 0
;__Lib_Math.c,1557 :: 		
0x0414	0x6AE8      	CLRF        WREG, 0
;__Lib_Math.c,1558 :: 		
0x0416	0xA0D8      	BTFSS       STATUS, 0, 0
;__Lib_Math.c,1559 :: 		
0x0418	0x0E01      	MOVLW       1
;__Lib_Math.c,1560 :: 		
0x041A	0x5E0E      	SUBWF       R14, 1, 0
;__Lib_Math.c,1561 :: 		
0x041C	0xD011      	BRA         UOK22LD
;__Lib_Math.c,1563 :: 		
UADD22LD:
;__Lib_Math.c,1564 :: 		
0x041E	0x2608      	ADDWF       R8, 1, 0
;__Lib_Math.c,1565 :: 		
0x0420	0x5005      	MOVF        R5, 0, 0
;__Lib_Math.c,1566 :: 		
0x0422	0xB0D8      	BTFSC       STATUS, 0, 0
;__Lib_Math.c,1567 :: 		
0x0424	0x3C05      	INCFSZ      R5, 0, 0
;__Lib_Math.c,1568 :: 		
0x0426	0x2609      	ADDWF       R9, 1, 0
;__Lib_Math.c,1569 :: 		
0x0428	0x5006      	MOVF        R6, 0, 0
;__Lib_Math.c,1570 :: 		
0x042A	0xB0D8      	BTFSC       STATUS, 0, 0
;__Lib_Math.c,1571 :: 		
0x042C	0x3C06      	INCFSZ      R6, 0, 0
;__Lib_Math.c,1572 :: 		
0x042E	0x260A      	ADDWF       R10, 1, 0
;__Lib_Math.c,1573 :: 		
0x0430	0x5007      	MOVF        R7, 0, 0
;__Lib_Math.c,1574 :: 		
0x0432	0xB0D8      	BTFSC       STATUS, 0, 0
;__Lib_Math.c,1575 :: 		
0x0434	0x3C07      	INCFSZ      R7, 0, 0
;__Lib_Math.c,1576 :: 		
0x0436	0x260B      	ADDWF       R11, 1, 0
;__Lib_Math.c,1577 :: 		
0x0438	0x6AE8      	CLRF        WREG, 0
;__Lib_Math.c,1578 :: 		
0x043A	0xB0D8      	BTFSC       STATUS, 0, 0
;__Lib_Math.c,1579 :: 		
0x043C	0x0E01      	MOVLW       1
;__Lib_Math.c,1580 :: 		
0x043E	0x260E      	ADDWF       R14, 1, 0
;__Lib_Math.c,1582 :: 		
UOK22LD:
;__Lib_Math.c,1583 :: 		
0x0440	0x3600      	RLCF        R0, 1, 0
;__Lib_Math.c,1585 :: 		
0x0442	0x2E0C      	DECFSZ      R12, 1, 0
;__Lib_Math.c,1586 :: 		
0x0444	0xD7D1      	BRA         LOOPU3232D
;__Lib_Math.c,1588 :: 		
0x0446	0xB000      	BTFSC       R0, 0, 0
;__Lib_Math.c,1589 :: 		
0x0448	0xD00E      	BRA         UOK22L
;__Lib_Math.c,1590 :: 		
0x044A	0x5004      	MOVF        R4, 0, 0
;__Lib_Math.c,1591 :: 		
0x044C	0x2608      	ADDWF       R8, 1, 0
;__Lib_Math.c,1592 :: 		
0x044E	0x5005      	MOVF        R5, 0, 0
;__Lib_Math.c,1593 :: 		
0x0450	0xB0D8      	BTFSC       STATUS, 0, 0
;__Lib_Math.c,1594 :: 		
0x0452	0x3C05      	INCFSZ      R5, 0, 0
;__Lib_Math.c,1595 :: 		
0x0454	0x2609      	ADDWF       R9, 1, 0
;__Lib_Math.c,1596 :: 		
0x0456	0x5006      	MOVF        R6, 0, 0
;__Lib_Math.c,1597 :: 		
0x0458	0xB0D8      	BTFSC       STATUS, 0, 0
;__Lib_Math.c,1598 :: 		
0x045A	0x3C06      	INCFSZ      R6, 0, 0
;__Lib_Math.c,1599 :: 		
0x045C	0x260A      	ADDWF       R10, 1, 0
;__Lib_Math.c,1600 :: 		
0x045E	0x5007      	MOVF        R7, 0, 0
;__Lib_Math.c,1601 :: 		
0x0460	0xB0D8      	BTFSC       STATUS, 0, 0
;__Lib_Math.c,1602 :: 		
0x0462	0x3C07      	INCFSZ      R7, 0, 0
;__Lib_Math.c,1603 :: 		
0x0464	0x260B      	ADDWF       R11, 1, 0
;__Lib_Math.c,1605 :: 		
UOK22L:
;__Lib_Math.c,1607 :: 		
L_end_Div_32x32_U:
0x0466	0x0012      	RETURN      0
; end of _Div_32x32_U
_UART1_Write:
;__Lib_UART_c67.c,58 :: 		
;__Lib_UART_c67.c,59 :: 		
L_UART1_Write3:
0x0468	0xB2AC      	BTFSC       TXSTA, 1 
0x046A	0xD002      	BRA         L_UART1_Write4
;__Lib_UART_c67.c,60 :: 		
0x046C	0x0000      	NOP
0x046E	0xD7FC      	BRA         L_UART1_Write3
L_UART1_Write4:
;__Lib_UART_c67.c,61 :: 		
0x0470	0xFFADC472  	MOVFF       FARG_UART1_Write_data_, TXREG
;__Lib_UART_c67.c,62 :: 		
L_end_UART1_Write:
0x0474	0x0012      	RETURN      0
; end of _UART1_Write
_Div_16X16_U:
;__Lib_Math.c,102 :: 		
;__Lib_Math.c,109 :: 		
0x0476	0x6A08      	CLRF        R8, 0
;__Lib_Math.c,110 :: 		
0x0478	0x6A09      	CLRF        R9, 0
;__Lib_Math.c,111 :: 		
0x047A	0x0E10      	MOVLW       16
;__Lib_Math.c,112 :: 		
0x047C	0x6E0C      	MOVWF       R12, 0
;__Lib_Math.c,113 :: 		
0x047E	0x3401      	RLCF        R1, 0, 0
;__Lib_Math.c,114 :: 		
0x0480	0x3608      	RLCF        R8, 1, 0
;__Lib_Math.c,115 :: 		
0x0482	0x3609      	RLCF        R9, 1, 0
;__Lib_Math.c,116 :: 		
0x0484	0x5004      	MOVF        R4, 0, 0
;__Lib_Math.c,117 :: 		
0x0486	0x5E08      	SUBWF       R8, 1, 0
;__Lib_Math.c,118 :: 		
0x0488	0x5005      	MOVF        R5, 0, 0
;__Lib_Math.c,119 :: 		
0x048A	0xA0D8      	BTFSS       STATUS, 0, 0
;__Lib_Math.c,120 :: 		
0x048C	0x3C05      	INCFSZ      R5, 0, 0
;__Lib_Math.c,121 :: 		
0x048E	0x5E09      	SUBWF       R9, 1, 0
;__Lib_Math.c,122 :: 		
0x0490	0xB0D8      	BTFSC       STATUS, 0, 0
;__Lib_Math.c,123 :: 		
0x0492	0xD007      	BRA         $+16
;__Lib_Math.c,124 :: 		
0x0494	0x5004      	MOVF        R4, 0, 0
;__Lib_Math.c,125 :: 		
0x0496	0x2608      	ADDWF       R8, 1, 0
;__Lib_Math.c,126 :: 		
0x0498	0x5005      	MOVF        R5, 0, 0
;__Lib_Math.c,127 :: 		
0x049A	0xB0D8      	BTFSC       STATUS, 0, 0
;__Lib_Math.c,128 :: 		
0x049C	0x3C05      	INCFSZ      R5, 0, 0
;__Lib_Math.c,129 :: 		
0x049E	0x2609      	ADDWF       R9, 1, 0
;__Lib_Math.c,130 :: 		
0x04A0	0x90D8      	BCF         STATUS, 0, 0
;__Lib_Math.c,131 :: 		
0x04A2	0x3600      	RLCF        R0, 1, 0
;__Lib_Math.c,132 :: 		
0x04A4	0x3601      	RLCF        R1, 1, 0
;__Lib_Math.c,133 :: 		
0x04A6	0x2E0C      	DECFSZ      R12, 1, 0
;__Lib_Math.c,134 :: 		
0x04A8	0xD7EA      	BRA         $-42
;__Lib_Math.c,136 :: 		
L_end_Div_16X16_U:
0x04AA	0x0012      	RETURN      0
; end of _Div_16X16_U
_____DoIFC:
;__Lib_System.c,93 :: 		
;__Lib_System.c,94 :: 		
0x04AC	0x50F2      	MOVF        INTCON, 0, 0
;__Lib_System.c,95 :: 		
0x04AE	0x6E02      	MOVWF       R2, 0
;__Lib_System.c,96 :: 		
0x04B0	0x9EF2      	BCF         INTCON, 7 
;__Lib_System.c,97 :: 		
0x04B2	0x0005      	PUSH
;__Lib_System.c,98 :: 		
0x04B4	0x6AFF      	CLRF        TOSU, 0
;__Lib_System.c,99 :: 		
0x04B6	0x5001      	MOVF        R1, 0, 0
;__Lib_System.c,100 :: 		
0x04B8	0x6EFE      	MOVWF       TOSH, 0
;__Lib_System.c,101 :: 		
0x04BA	0x5000      	MOVF        R0, 0, 0
;__Lib_System.c,102 :: 		
0x04BC	0x6EFD      	MOVWF       TOSL, 0
;__Lib_System.c,103 :: 		
0x04BE	0xBE02      	BTFSC       R2, 7, 0
;__Lib_System.c,104 :: 		
0x04C0	0x8EF2      	BSF         INTCON, 7, 0
;__Lib_System.c,105 :: 		
;__Lib_System.c,107 :: 		
L_end_____DoIFC:
0x04C2	0x0012      	RETURN      0
; end of _____DoIFC
_LongIntToStrWithZeros:
;__Lib_Conversions.c,318 :: 		
;__Lib_Conversions.c,323 :: 		
0x04C4	0x0104      	MOVLB       4
0x04C6	0x6B6B      	CLRF        LongIntToStrWithZeros_len_L0, 1
L_LongIntToStrWithZeros69:
0x04C8	0x0E0B      	MOVLW       11
0x04CA	0x5D6B      	SUBWF       LongIntToStrWithZeros_len_L0, 0, 1
0x04CC	0xE20A      	BC          L_LongIntToStrWithZeros70
;__Lib_Conversions.c,324 :: 		
0x04CE	0x516B      	MOVF        LongIntToStrWithZeros_len_L0, 0, 1
0x04D0	0x2568      	ADDWF       FARG_LongIntToStrWithZeros_output, 0, 1
0x04D2	0x6EE1      	MOVWF       FSR1L 
0x04D4	0x0E00      	MOVLW       0
0x04D6	0x2169      	ADDWFC      FARG_LongIntToStrWithZeros_output+1, 0, 1
0x04D8	0x6EE2      	MOVWF       FSR1L+1 
0x04DA	0x0E30      	MOVLW       48
0x04DC	0x6EE6      	MOVWF       POSTINC1 
;__Lib_Conversions.c,323 :: 		
0x04DE	0x2B6B      	INCF        LongIntToStrWithZeros_len_L0, 1, 1
;__Lib_Conversions.c,324 :: 		
0x04E0	0xD7F3      	BRA         L_LongIntToStrWithZeros69
L_LongIntToStrWithZeros70:
;__Lib_Conversions.c,326 :: 		
0x04E2	0x516B      	MOVF        LongIntToStrWithZeros_len_L0, 0, 1
0x04E4	0x2568      	ADDWF       FARG_LongIntToStrWithZeros_output, 0, 1
0x04E6	0x6EE1      	MOVWF       FSR1L 
0x04E8	0x0E00      	MOVLW       0
0x04EA	0x2169      	ADDWFC      FARG_LongIntToStrWithZeros_output+1, 0, 1
0x04EC	0x6EE2      	MOVWF       FSR1L+1 
0x04EE	0x6AE6      	CLRF        POSTINC1 
;__Lib_Conversions.c,328 :: 		
0x04F0	0x0E00      	MOVLW       0
0x04F2	0x6E00      	MOVWF       R0 
0x04F4	0x1967      	XORWF       FARG_LongIntToStrWithZeros_input+3, 0, 1
0x04F6	0xE108      	BNZ         L__LongIntToStrWithZeros402
0x04F8	0x5000      	MOVF        R0, 0 
0x04FA	0x1966      	XORWF       FARG_LongIntToStrWithZeros_input+2, 0, 1
0x04FC	0xE105      	BNZ         L__LongIntToStrWithZeros402
0x04FE	0x5000      	MOVF        R0, 0 
0x0500	0x1965      	XORWF       FARG_LongIntToStrWithZeros_input+1, 0, 1
0x0502	0xE102      	BNZ         L__LongIntToStrWithZeros402
0x0504	0x5164      	MOVF        FARG_LongIntToStrWithZeros_input, 0, 1
0x0506	0x0A00      	XORLW       0
L__LongIntToStrWithZeros402:
0x0508	0xE101      	BNZ         L_LongIntToStrWithZeros72
;__Lib_Conversions.c,329 :: 		
0x050A	0xD07C      	BRA         L_end_LongIntToStrWithZeros
;__Lib_Conversions.c,330 :: 		
L_LongIntToStrWithZeros72:
;__Lib_Conversions.c,332 :: 		
0x050C	0x6B6A      	CLRF        LongIntToStrWithZeros_negative_L0, 1
;__Lib_Conversions.c,334 :: 		
0x050E	0x0E80      	MOVLW       128
0x0510	0x1967      	XORWF       FARG_LongIntToStrWithZeros_input+3, 0, 1
0x0512	0x6E00      	MOVWF       R0 
0x0514	0x0E80      	MOVLW       128
0x0516	0x5C00      	SUBWF       R0, 0 
0x0518	0xE108      	BNZ         L__LongIntToStrWithZeros403
0x051A	0x0E00      	MOVLW       0
0x051C	0x5D66      	SUBWF       FARG_LongIntToStrWithZeros_input+2, 0, 1
0x051E	0xE105      	BNZ         L__LongIntToStrWithZeros403
0x0520	0x0E00      	MOVLW       0
0x0522	0x5D65      	SUBWF       FARG_LongIntToStrWithZeros_input+1, 0, 1
0x0524	0xE102      	BNZ         L__LongIntToStrWithZeros403
0x0526	0x0E00      	MOVLW       0
0x0528	0x5D64      	SUBWF       FARG_LongIntToStrWithZeros_input, 0, 1
L__LongIntToStrWithZeros403:
0x052A	0xE20F      	BC          L_LongIntToStrWithZeros73
;__Lib_Conversions.c,335 :: 		
0x052C	0x0E01      	MOVLW       1
0x052E	0x6F6A      	MOVWF       LongIntToStrWithZeros_negative_L0, 1
;__Lib_Conversions.c,336 :: 		
0x0530	0x6B6C      	CLRF        LongIntToStrWithZeros_tmp_L0, 1
0x0532	0x6B6D      	CLRF        LongIntToStrWithZeros_tmp_L0+1, 1
0x0534	0x6B6E      	CLRF        LongIntToStrWithZeros_tmp_L0+2, 1
0x0536	0x6B6F      	CLRF        LongIntToStrWithZeros_tmp_L0+3, 1
0x0538	0x5164      	MOVF        FARG_LongIntToStrWithZeros_input, 0, 1
0x053A	0x5F6C      	SUBWF       LongIntToStrWithZeros_tmp_L0, 1, 1
0x053C	0x5165      	MOVF        FARG_LongIntToStrWithZeros_input+1, 0, 1
0x053E	0x5B6D      	SUBWFB      LongIntToStrWithZeros_tmp_L0+1, 1, 1
0x0540	0x5166      	MOVF        FARG_LongIntToStrWithZeros_input+2, 0, 1
0x0542	0x5B6E      	SUBWFB      LongIntToStrWithZeros_tmp_L0+2, 1, 1
0x0544	0x5167      	MOVF        FARG_LongIntToStrWithZeros_input+3, 0, 1
0x0546	0x5B6F      	SUBWFB      LongIntToStrWithZeros_tmp_L0+3, 1, 1
;__Lib_Conversions.c,337 :: 		
0x0548	0xD008      	BRA         L_LongIntToStrWithZeros74
L_LongIntToStrWithZeros73:
;__Lib_Conversions.c,338 :: 		
0x054A	0xF46CC464  	MOVFF       FARG_LongIntToStrWithZeros_input, LongIntToStrWithZeros_tmp_L0
0x054E	0xF46DC465  	MOVFF       FARG_LongIntToStrWithZeros_input+1, LongIntToStrWithZeros_tmp_L0+1
0x0552	0xF46EC466  	MOVFF       FARG_LongIntToStrWithZeros_input+2, LongIntToStrWithZeros_tmp_L0+2
0x0556	0xF46FC467  	MOVFF       FARG_LongIntToStrWithZeros_input+3, LongIntToStrWithZeros_tmp_L0+3
;__Lib_Conversions.c,339 :: 		
L_LongIntToStrWithZeros74:
;__Lib_Conversions.c,341 :: 		
0x055A	0x0E0A      	MOVLW       10
0x055C	0x6F6B      	MOVWF       LongIntToStrWithZeros_len_L0, 1
;__Lib_Conversions.c,342 :: 		
L_LongIntToStrWithZeros75:
0x055E	0x0E00      	MOVLW       0
0x0560	0x6E00      	MOVWF       R0 
0x0562	0x196F      	XORWF       LongIntToStrWithZeros_tmp_L0+3, 0, 1
0x0564	0xE108      	BNZ         L__LongIntToStrWithZeros404
0x0566	0x5000      	MOVF        R0, 0 
0x0568	0x196E      	XORWF       LongIntToStrWithZeros_tmp_L0+2, 0, 1
0x056A	0xE105      	BNZ         L__LongIntToStrWithZeros404
0x056C	0x5000      	MOVF        R0, 0 
0x056E	0x196D      	XORWF       LongIntToStrWithZeros_tmp_L0+1, 0, 1
0x0570	0xE102      	BNZ         L__LongIntToStrWithZeros404
0x0572	0x516C      	MOVF        LongIntToStrWithZeros_tmp_L0, 0, 1
0x0574	0x0A00      	XORLW       0
L__LongIntToStrWithZeros404:
0x0576	0xE03E      	BZ          L_LongIntToStrWithZeros76
;__Lib_Conversions.c,343 :: 		
0x0578	0x516B      	MOVF        LongIntToStrWithZeros_len_L0, 0, 1
0x057A	0x2568      	ADDWF       FARG_LongIntToStrWithZeros_output, 0, 1
0x057C	0x6F70      	MOVWF       FLOC__LongIntToStrWithZeros, 1
0x057E	0x0E00      	MOVLW       0
0x0580	0x2169      	ADDWFC      FARG_LongIntToStrWithZeros_output+1, 0, 1
0x0582	0x6F71      	MOVWF       FLOC__LongIntToStrWithZeros+1, 1
0x0584	0x0E0A      	MOVLW       10
0x0586	0x6E04      	MOVWF       R4 
0x0588	0x0E00      	MOVLW       0
0x058A	0x6E05      	MOVWF       R5 
0x058C	0x6E06      	MOVWF       R6 
0x058E	0x6E07      	MOVWF       R7 
0x0590	0xF000C46C  	MOVFF       LongIntToStrWithZeros_tmp_L0, R0
0x0594	0xF001C46D  	MOVFF       LongIntToStrWithZeros_tmp_L0+1, R1
0x0598	0xF002C46E  	MOVFF       LongIntToStrWithZeros_tmp_L0+2, R2
0x059C	0xF003C46F  	MOVFF       LongIntToStrWithZeros_tmp_L0+3, R3
0x05A0	0xDDED      	RCALL       _Div_32x32_U
0x05A2	0xF000C008  	MOVFF       R8, R0
0x05A6	0xF001C009  	MOVFF       R9, R1
0x05AA	0xF002C00A  	MOVFF       R10, R2
0x05AE	0xF003C00B  	MOVFF       R11, R3
0x05B2	0x0E30      	MOVLW       48
0x05B4	0x2600      	ADDWF       R0, 1 
0x05B6	0xFFE1C470  	MOVFF       FLOC__LongIntToStrWithZeros, FSR1L
0x05BA	0xFFE2C471  	MOVFF       FLOC__LongIntToStrWithZeros+1, FSR1H
0x05BE	0xFFE6C000  	MOVFF       R0, POSTINC1
0x05C2	0x076B      	DECF        LongIntToStrWithZeros_len_L0, 1, 1
;__Lib_Conversions.c,344 :: 		
0x05C4	0x0E0A      	MOVLW       10
0x05C6	0x6E04      	MOVWF       R4 
0x05C8	0x0E00      	MOVLW       0
0x05CA	0x6E05      	MOVWF       R5 
0x05CC	0x6E06      	MOVWF       R6 
0x05CE	0x6E07      	MOVWF       R7 
0x05D0	0xF000C46C  	MOVFF       LongIntToStrWithZeros_tmp_L0, R0
0x05D4	0xF001C46D  	MOVFF       LongIntToStrWithZeros_tmp_L0+1, R1
0x05D8	0xF002C46E  	MOVFF       LongIntToStrWithZeros_tmp_L0+2, R2
0x05DC	0xF003C46F  	MOVFF       LongIntToStrWithZeros_tmp_L0+3, R3
0x05E0	0xDDCD      	RCALL       _Div_32x32_U
0x05E2	0xF46CC000  	MOVFF       R0, LongIntToStrWithZeros_tmp_L0
0x05E6	0xF46DC001  	MOVFF       R1, LongIntToStrWithZeros_tmp_L0+1
0x05EA	0xF46EC002  	MOVFF       R2, LongIntToStrWithZeros_tmp_L0+2
0x05EE	0xF46FC003  	MOVFF       R3, LongIntToStrWithZeros_tmp_L0+3
;__Lib_Conversions.c,345 :: 		
0x05F2	0xD7B5      	BRA         L_LongIntToStrWithZeros75
L_LongIntToStrWithZeros76:
;__Lib_Conversions.c,347 :: 		
0x05F4	0x536A      	MOVF        LongIntToStrWithZeros_negative_L0, 1, 1
0x05F6	0xE006      	BZ          L_LongIntToStrWithZeros77
;__Lib_Conversions.c,348 :: 		
0x05F8	0xFFE1C468  	MOVFF       FARG_LongIntToStrWithZeros_output, FSR1L
0x05FC	0xFFE2C469  	MOVFF       FARG_LongIntToStrWithZeros_output+1, FSR1H
0x0600	0x0E2D      	MOVLW       45
0x0602	0x6EE6      	MOVWF       POSTINC1 
L_LongIntToStrWithZeros77:
;__Lib_Conversions.c,349 :: 		
L_end_LongIntToStrWithZeros:
0x0604	0x0012      	RETURN      0
; end of _LongIntToStrWithZeros
_IntToStrWithZeros:
;__Lib_Conversions.c,223 :: 		
;__Lib_Conversions.c,228 :: 		
0x0606	0x0104      	MOVLB       4
0x0608	0x6B69      	CLRF        IntToStrWithZeros_len_L0, 1
L_IntToStrWithZeros43:
0x060A	0x0E06      	MOVLW       6
0x060C	0x5D69      	SUBWF       IntToStrWithZeros_len_L0, 0, 1
0x060E	0xE20A      	BC          L_IntToStrWithZeros44
;__Lib_Conversions.c,229 :: 		
0x0610	0x5169      	MOVF        IntToStrWithZeros_len_L0, 0, 1
0x0612	0x2566      	ADDWF       FARG_IntToStrWithZeros_output, 0, 1
0x0614	0x6EE1      	MOVWF       FSR1L 
0x0616	0x0E00      	MOVLW       0
0x0618	0x2167      	ADDWFC      FARG_IntToStrWithZeros_output+1, 0, 1
0x061A	0x6EE2      	MOVWF       FSR1L+1 
0x061C	0x0E30      	MOVLW       48
0x061E	0x6EE6      	MOVWF       POSTINC1 
;__Lib_Conversions.c,228 :: 		
0x0620	0x2B69      	INCF        IntToStrWithZeros_len_L0, 1, 1
;__Lib_Conversions.c,229 :: 		
0x0622	0xD7F3      	BRA         L_IntToStrWithZeros43
L_IntToStrWithZeros44:
;__Lib_Conversions.c,231 :: 		
0x0624	0x5169      	MOVF        IntToStrWithZeros_len_L0, 0, 1
0x0626	0x2566      	ADDWF       FARG_IntToStrWithZeros_output, 0, 1
0x0628	0x6EE1      	MOVWF       FSR1L 
0x062A	0x0E00      	MOVLW       0
0x062C	0x2167      	ADDWFC      FARG_IntToStrWithZeros_output+1, 0, 1
0x062E	0x6EE2      	MOVWF       FSR1L+1 
0x0630	0x6AE6      	CLRF        POSTINC1 
;__Lib_Conversions.c,233 :: 		
0x0632	0x0E00      	MOVLW       0
0x0634	0x1965      	XORWF       FARG_IntToStrWithZeros_input+1, 0, 1
0x0636	0xE102      	BNZ         L__IntToStrWithZeros390
0x0638	0x0E00      	MOVLW       0
0x063A	0x1964      	XORWF       FARG_IntToStrWithZeros_input, 0, 1
L__IntToStrWithZeros390:
0x063C	0xE101      	BNZ         L_IntToStrWithZeros46
;__Lib_Conversions.c,234 :: 		
0x063E	0xD052      	BRA         L_end_IntToStrWithZeros
;__Lib_Conversions.c,235 :: 		
L_IntToStrWithZeros46:
;__Lib_Conversions.c,237 :: 		
0x0640	0x6B68      	CLRF        IntToStrWithZeros_negative_L0, 1
;__Lib_Conversions.c,239 :: 		
0x0642	0x0E80      	MOVLW       128
0x0644	0x1965      	XORWF       FARG_IntToStrWithZeros_input+1, 0, 1
0x0646	0x6E00      	MOVWF       R0 
0x0648	0x0E80      	MOVLW       128
0x064A	0x5C00      	SUBWF       R0, 0 
0x064C	0xE102      	BNZ         L__IntToStrWithZeros391
0x064E	0x0E00      	MOVLW       0
0x0650	0x5D64      	SUBWF       FARG_IntToStrWithZeros_input, 0, 1
L__IntToStrWithZeros391:
0x0652	0xE20A      	BC          L_IntToStrWithZeros47
;__Lib_Conversions.c,240 :: 		
0x0654	0x0E01      	MOVLW       1
0x0656	0x6F68      	MOVWF       IntToStrWithZeros_negative_L0, 1
;__Lib_Conversions.c,241 :: 		
0x0658	0x5164      	MOVF        FARG_IntToStrWithZeros_input, 0, 1
0x065A	0x0800      	SUBLW       0
0x065C	0x6F6A      	MOVWF       IntToStrWithZeros_tmp_L0, 1
0x065E	0xF46BC465  	MOVFF       FARG_IntToStrWithZeros_input+1, IntToStrWithZeros_tmp_L0+1
0x0662	0x0E00      	MOVLW       0
0x0664	0x576B      	SUBFWB      IntToStrWithZeros_tmp_L0+1, 1, 1
;__Lib_Conversions.c,242 :: 		
0x0666	0xD004      	BRA         L_IntToStrWithZeros48
L_IntToStrWithZeros47:
;__Lib_Conversions.c,243 :: 		
0x0668	0xF46AC464  	MOVFF       FARG_IntToStrWithZeros_input, IntToStrWithZeros_tmp_L0
0x066C	0xF46BC465  	MOVFF       FARG_IntToStrWithZeros_input+1, IntToStrWithZeros_tmp_L0+1
;__Lib_Conversions.c,244 :: 		
L_IntToStrWithZeros48:
;__Lib_Conversions.c,246 :: 		
0x0670	0x0E05      	MOVLW       5
0x0672	0x6F69      	MOVWF       IntToStrWithZeros_len_L0, 1
;__Lib_Conversions.c,247 :: 		
L_IntToStrWithZeros49:
0x0674	0x0E00      	MOVLW       0
0x0676	0x196B      	XORWF       IntToStrWithZeros_tmp_L0+1, 0, 1
0x0678	0xE102      	BNZ         L__IntToStrWithZeros392
0x067A	0x0E00      	MOVLW       0
0x067C	0x196A      	XORWF       IntToStrWithZeros_tmp_L0, 0, 1
L__IntToStrWithZeros392:
0x067E	0xE02A      	BZ          L_IntToStrWithZeros50
;__Lib_Conversions.c,248 :: 		
0x0680	0x5169      	MOVF        IntToStrWithZeros_len_L0, 0, 1
0x0682	0x2566      	ADDWF       FARG_IntToStrWithZeros_output, 0, 1
0x0684	0x6F6C      	MOVWF       FLOC__IntToStrWithZeros, 1
0x0686	0x0E00      	MOVLW       0
0x0688	0x2167      	ADDWFC      FARG_IntToStrWithZeros_output+1, 0, 1
0x068A	0x6F6D      	MOVWF       FLOC__IntToStrWithZeros+1, 1
0x068C	0x0E0A      	MOVLW       10
0x068E	0x6E04      	MOVWF       R4 
0x0690	0x0E00      	MOVLW       0
0x0692	0x6E05      	MOVWF       R5 
0x0694	0xF000C46A  	MOVFF       IntToStrWithZeros_tmp_L0, R0
0x0698	0xF001C46B  	MOVFF       IntToStrWithZeros_tmp_L0+1, R1
0x069C	0xDEEC      	RCALL       _Div_16X16_U
0x069E	0xF000C008  	MOVFF       R8, R0
0x06A2	0xF001C009  	MOVFF       R9, R1
0x06A6	0x0E30      	MOVLW       48
0x06A8	0x2600      	ADDWF       R0, 1 
0x06AA	0xFFE1C46C  	MOVFF       FLOC__IntToStrWithZeros, FSR1L
0x06AE	0xFFE2C46D  	MOVFF       FLOC__IntToStrWithZeros+1, FSR1H
0x06B2	0xFFE6C000  	MOVFF       R0, POSTINC1
0x06B6	0x0769      	DECF        IntToStrWithZeros_len_L0, 1, 1
;__Lib_Conversions.c,249 :: 		
0x06B8	0x0E0A      	MOVLW       10
0x06BA	0x6E04      	MOVWF       R4 
0x06BC	0x0E00      	MOVLW       0
0x06BE	0x6E05      	MOVWF       R5 
0x06C0	0xF000C46A  	MOVFF       IntToStrWithZeros_tmp_L0, R0
0x06C4	0xF001C46B  	MOVFF       IntToStrWithZeros_tmp_L0+1, R1
0x06C8	0xDED6      	RCALL       _Div_16X16_U
0x06CA	0xF46AC000  	MOVFF       R0, IntToStrWithZeros_tmp_L0
0x06CE	0xF46BC001  	MOVFF       R1, IntToStrWithZeros_tmp_L0+1
;__Lib_Conversions.c,250 :: 		
0x06D2	0xD7D0      	BRA         L_IntToStrWithZeros49
L_IntToStrWithZeros50:
;__Lib_Conversions.c,252 :: 		
0x06D4	0x5368      	MOVF        IntToStrWithZeros_negative_L0, 1, 1
0x06D6	0xE006      	BZ          L_IntToStrWithZeros51
;__Lib_Conversions.c,253 :: 		
0x06D8	0xFFE1C466  	MOVFF       FARG_IntToStrWithZeros_output, FSR1L
0x06DC	0xFFE2C467  	MOVFF       FARG_IntToStrWithZeros_output+1, FSR1H
0x06E0	0x0E2D      	MOVLW       45
0x06E2	0x6EE6      	MOVWF       POSTINC1 
L_IntToStrWithZeros51:
;__Lib_Conversions.c,254 :: 		
L_end_IntToStrWithZeros:
0x06E4	0x0012      	RETURN      0
; end of _IntToStrWithZeros
_UART_Write:
;__Lib_UART_c67.c,119 :: 		
;__Lib_UART_c67.c,120 :: 		
0x06E6	0xFFE1C45E  	MOVFF       _UART_Wr_Ptr+2, FSR1
0x06EA	0xFFE2C45F  	MOVFF       _UART_Wr_Ptr+3, FSR1+1
0x06EE	0xFFE6C462  	MOVFF       FARG_UART_Write__data, POSTINC1
0x06F2	0xF000C45C  	MOVFF       _UART_Wr_Ptr, R0
0x06F6	0xF001C45D  	MOVFF       _UART_Wr_Ptr+1, R1
0x06FA	0xDED8      	RCALL       _____DoIFC
;__Lib_UART_c67.c,121 :: 		
L_end_UART_Write:
0x06FC	0x0012      	RETURN      0
; end of _UART_Write
_UART_send_long_int:
;uart_functions.h,39 :: 		
;uart_functions.h,41 :: 		
0x06FE	0xF464C462  	MOVFF       FARG_UART_send_long_int_d, FARG_LongIntToStrWithZeros_input
0x0702	0xF465C463  	MOVFF       FARG_UART_send_long_int_d+1, FARG_LongIntToStrWithZeros_input+1
0x0706	0x0E00      	MOVLW       0
0x0708	0x0104      	MOVLB       4
0x070A	0xBF63      	BTFSC       FARG_UART_send_long_int_d+1, 7, 1
0x070C	0x0EFF      	MOVLW       255
0x070E	0x6F66      	MOVWF       FARG_LongIntToStrWithZeros_input+2, 1
0x0710	0x6F67      	MOVWF       FARG_LongIntToStrWithZeros_input+3, 1
0x0712	0x0E41      	MOVLW       _str
0x0714	0x6F68      	MOVWF       FARG_LongIntToStrWithZeros_output, 1
0x0716	0x0E04      	MOVLW       hi_addr(_str)
0x0718	0x6F69      	MOVWF       FARG_LongIntToStrWithZeros_output+1, 1
0x071A	0xDED4      	RCALL       _LongIntToStrWithZeros
;uart_functions.h,43 :: 		
0x071C	0x6A37      	CLRF        _j 
0x071E	0x6A38      	CLRF        _j+1 
L_UART_send_long_int9:
0x0720	0x0E41      	MOVLW       _str
0x0722	0x2437      	ADDWF       _j, 0 
0x0724	0x6EE9      	MOVWF       FSR0L 
0x0726	0x0E04      	MOVLW       hi_addr(_str)
0x0728	0x2038      	ADDWFC      _j+1, 0 
0x072A	0x6EEA      	MOVWF       FSR0L+1 
0x072C	0xF001CFEE  	MOVFF       POSTINC0, R1
0x0730	0x5001      	MOVF        R1, 0 
0x0732	0x0A00      	XORLW       0
0x0734	0xE018      	BZ          L_UART_send_long_int10
;uart_functions.h,45 :: 		
L_UART_send_long_int12:
0x0736	0xB2AC      	BTFSC       TXSTA, 1 
0x0738	0xD001      	BRA         L_UART_send_long_int13
0x073A	0xD7FD      	BRA         L_UART_send_long_int12
L_UART_send_long_int13:
;uart_functions.h,46 :: 		
0x073C	0x0E41      	MOVLW       _str
0x073E	0x2437      	ADDWF       _j, 0 
0x0740	0x6EE9      	MOVWF       FSR0L 
0x0742	0x0E04      	MOVLW       hi_addr(_str)
0x0744	0x2038      	ADDWFC      _j+1, 0 
0x0746	0x6EEA      	MOVWF       FSR0L+1 
0x0748	0xF000CFEE  	MOVFF       POSTINC0, R0
0x074C	0xFFADC000  	MOVFF       R0, TXREG
;uart_functions.h,43 :: 		
0x0750	0x0E01      	MOVLW       1
0x0752	0x2437      	ADDWF       _j, 0 
0x0754	0x6E00      	MOVWF       R0 
0x0756	0x0E00      	MOVLW       0
0x0758	0x2038      	ADDWFC      _j+1, 0 
0x075A	0x6E01      	MOVWF       R1 
0x075C	0xF037C000  	MOVFF       R0, _j
0x0760	0xF038C001  	MOVFF       R1, _j+1
;uart_functions.h,47 :: 		
0x0764	0xD7DD      	BRA         L_UART_send_long_int9
L_UART_send_long_int10:
;uart_functions.h,48 :: 		
L_end_UART_send_long_int:
0x0766	0x0012      	RETURN      0
; end of _UART_send_long_int
_UART_send_int:
;uart_functions.h,27 :: 		
;uart_functions.h,29 :: 		
0x0768	0xF464C462  	MOVFF       FARG_UART_send_int_d, FARG_IntToStrWithZeros_input
0x076C	0xF465C463  	MOVFF       FARG_UART_send_int_d+1, FARG_IntToStrWithZeros_input+1
0x0770	0x0E41      	MOVLW       _str
0x0772	0x0104      	MOVLB       4
0x0774	0x6F66      	MOVWF       FARG_IntToStrWithZeros_output, 1
0x0776	0x0E04      	MOVLW       hi_addr(_str)
0x0778	0x6F67      	MOVWF       FARG_IntToStrWithZeros_output+1, 1
0x077A	0xDF45      	RCALL       _IntToStrWithZeros
;uart_functions.h,31 :: 		
0x077C	0x6A37      	CLRF        _j 
0x077E	0x6A38      	CLRF        _j+1 
L_UART_send_int4:
0x0780	0x0E41      	MOVLW       _str
0x0782	0x2437      	ADDWF       _j, 0 
0x0784	0x6EE9      	MOVWF       FSR0L 
0x0786	0x0E04      	MOVLW       hi_addr(_str)
0x0788	0x2038      	ADDWFC      _j+1, 0 
0x078A	0x6EEA      	MOVWF       FSR0L+1 
0x078C	0xF001CFEE  	MOVFF       POSTINC0, R1
0x0790	0x5001      	MOVF        R1, 0 
0x0792	0x0A00      	XORLW       0
0x0794	0xE018      	BZ          L_UART_send_int5
;uart_functions.h,33 :: 		
L_UART_send_int7:
0x0796	0xB2AC      	BTFSC       TXSTA, 1 
0x0798	0xD001      	BRA         L_UART_send_int8
0x079A	0xD7FD      	BRA         L_UART_send_int7
L_UART_send_int8:
;uart_functions.h,34 :: 		
0x079C	0x0E41      	MOVLW       _str
0x079E	0x2437      	ADDWF       _j, 0 
0x07A0	0x6EE9      	MOVWF       FSR0L 
0x07A2	0x0E04      	MOVLW       hi_addr(_str)
0x07A4	0x2038      	ADDWFC      _j+1, 0 
0x07A6	0x6EEA      	MOVWF       FSR0L+1 
0x07A8	0xF000CFEE  	MOVFF       POSTINC0, R0
0x07AC	0xFFADC000  	MOVFF       R0, TXREG
;uart_functions.h,31 :: 		
0x07B0	0x0E01      	MOVLW       1
0x07B2	0x2437      	ADDWF       _j, 0 
0x07B4	0x6E00      	MOVWF       R0 
0x07B6	0x0E00      	MOVLW       0
0x07B8	0x2038      	ADDWFC      _j+1, 0 
0x07BA	0x6E01      	MOVWF       R1 
0x07BC	0xF037C000  	MOVFF       R0, _j
0x07C0	0xF038C001  	MOVFF       R1, _j+1
;uart_functions.h,35 :: 		
0x07C4	0xD7DD      	BRA         L_UART_send_int4
L_UART_send_int5:
;uart_functions.h,36 :: 		
L_end_UART_send_int:
0x07C6	0x0012      	RETURN      0
; end of _UART_send_int
_send_data:
;counting_functions.h,29 :: 		
;counting_functions.h,30 :: 		
0x07C8	0x0E77      	MOVLW       119
0x07CA	0x0104      	MOVLB       4
0x07CC	0x6F62      	MOVWF       FARG_UART_Write__data, 1
0x07CE	0xDF8B      	RCALL       _UART_Write
;counting_functions.h,31 :: 		
0x07D0	0x0E0D      	MOVLW       13
0x07D2	0x0104      	MOVLB       4
0x07D4	0x6F62      	MOVWF       FARG_UART_Write__data, 1
0x07D6	0xDF87      	RCALL       _UART_Write
;counting_functions.h,32 :: 		
0x07D8	0x0E0A      	MOVLW       10
0x07DA	0x0104      	MOVLB       4
0x07DC	0x6F62      	MOVWF       FARG_UART_Write__data, 1
0x07DE	0xDF83      	RCALL       _UART_Write
;counting_functions.h,33 :: 		
0x07E0	0x6A2F      	CLRF        _i 
0x07E2	0x6A30      	CLRF        _i+1 
0x07E4	0x6A31      	CLRF        _i+2 
0x07E6	0x6A32      	CLRF        _i+3 
L_send_data29:
0x07E8	0x0E00      	MOVLW       0
0x07EA	0x5C32      	SUBWF       _i+3, 0 
0x07EC	0xE108      	BNZ         L__send_data101
0x07EE	0x0E00      	MOVLW       0
0x07F0	0x5C31      	SUBWF       _i+2, 0 
0x07F2	0xE105      	BNZ         L__send_data101
0x07F4	0x0E04      	MOVLW       4
0x07F6	0x5C30      	SUBWF       _i+1, 0 
0x07F8	0xE102      	BNZ         L__send_data101
0x07FA	0x0E00      	MOVLW       0
0x07FC	0x5C2F      	SUBWF       _i, 0 
L__send_data101:
0x07FE	0xE232      	BC          L_send_data30
;counting_functions.h,34 :: 		
0x0800	0xF462C02F  	MOVFF       _i, FARG_UART_send_long_int_d
0x0804	0xF463C030  	MOVFF       _i+1, FARG_UART_send_long_int_d+1
0x0808	0xDF7A      	RCALL       _UART_send_long_int
;counting_functions.h,35 :: 		
0x080A	0x0E3B      	MOVLW       59
0x080C	0x6F62      	MOVWF       FARG_UART_Write__data, 1
0x080E	0xDF6B      	RCALL       _UART_Write
;counting_functions.h,36 :: 		
0x0810	0x0E41      	MOVLW       _cpt_data
0x0812	0x242F      	ADDWF       _i, 0 
0x0814	0x6EE9      	MOVWF       FSR0L 
0x0816	0x0E00      	MOVLW       hi_addr(_cpt_data)
0x0818	0x2030      	ADDWFC      _i+1, 0 
0x081A	0x6EEA      	MOVWF       FSR0L+1 
0x081C	0xF000CFEE  	MOVFF       POSTINC0, R0
0x0820	0xF462C000  	MOVFF       R0, FARG_UART_send_int_d
0x0824	0x0E00      	MOVLW       0
0x0826	0x0104      	MOVLB       4
0x0828	0x6F63      	MOVWF       FARG_UART_send_int_d+1, 1
0x082A	0xDF9E      	RCALL       _UART_send_int
;counting_functions.h,37 :: 		
0x082C	0x0E0D      	MOVLW       13
0x082E	0x6F62      	MOVWF       FARG_UART_Write__data, 1
0x0830	0xDF5A      	RCALL       _UART_Write
;counting_functions.h,38 :: 		
0x0832	0x0E0A      	MOVLW       10
0x0834	0x0104      	MOVLB       4
0x0836	0x6F62      	MOVWF       FARG_UART_Write__data, 1
0x0838	0xDF56      	RCALL       _UART_Write
;counting_functions.h,33 :: 		
0x083A	0x0E01      	MOVLW       1
0x083C	0x242F      	ADDWF       _i, 0 
0x083E	0x6E00      	MOVWF       R0 
0x0840	0x0E00      	MOVLW       0
0x0842	0x2030      	ADDWFC      _i+1, 0 
0x0844	0x6E01      	MOVWF       R1 
0x0846	0x0E00      	MOVLW       0
0x0848	0x2031      	ADDWFC      _i+2, 0 
0x084A	0x6E02      	MOVWF       R2 
0x084C	0x0E00      	MOVLW       0
0x084E	0x2032      	ADDWFC      _i+3, 0 
0x0850	0x6E03      	MOVWF       R3 
0x0852	0xF02FC000  	MOVFF       R0, _i
0x0856	0xF030C001  	MOVFF       R1, _i+1
0x085A	0xF031C002  	MOVFF       R2, _i+2
0x085E	0xF032C003  	MOVFF       R3, _i+3
;counting_functions.h,39 :: 		
0x0862	0xD7C2      	BRA         L_send_data29
L_send_data30:
;counting_functions.h,40 :: 		
0x0864	0x0E6D      	MOVLW       109
0x0866	0x0104      	MOVLB       4
0x0868	0x6F62      	MOVWF       FARG_UART_Write__data, 1
0x086A	0xDF3D      	RCALL       _UART_Write
;counting_functions.h,41 :: 		
0x086C	0x0E0D      	MOVLW       13
0x086E	0x0104      	MOVLB       4
0x0870	0x6F62      	MOVWF       FARG_UART_Write__data, 1
0x0872	0xDF39      	RCALL       _UART_Write
;counting_functions.h,42 :: 		
0x0874	0x0E0A      	MOVLW       10
0x0876	0x0104      	MOVLB       4
0x0878	0x6F62      	MOVWF       FARG_UART_Write__data, 1
0x087A	0xDF35      	RCALL       _UART_Write
;counting_functions.h,43 :: 		
L_end_send_data:
0x087C	0x0012      	RETURN      0
; end of _send_data
_ADC_Init:
;__Lib_ADC_A_D.c,13 :: 		
;__Lib_ADC_A_D.c,14 :: 		
0x087E	0x0EFF      	MOVLW       _ADC_Get_Sample
0x0880	0x6E3D      	MOVWF       _ADC_Get_Sample_Ptr 
0x0882	0x0EFF      	MOVLW       hi_addr(_ADC_Get_Sample)
0x0884	0x6E3E      	MOVWF       _ADC_Get_Sample_Ptr+1 
0x0886	0x0EFF      	MOVLW       FARG_ADC_Get_Sample_channel
0x0888	0x6E3F      	MOVWF       _ADC_Get_Sample_Ptr+2 
0x088A	0x0EFF      	MOVLW       hi_addr(FARG_ADC_Get_Sample_channel)
0x088C	0x6E40      	MOVWF       _ADC_Get_Sample_Ptr+3 
;__Lib_ADC_A_D.c,16 :: 		
0x088E	0x6AC2      	CLRF        ADCON0 
;__Lib_ADC_A_D.c,17 :: 		
0x0890	0x1C24      	COMF        _vref_mask, 0 
0x0892	0x6E00      	MOVWF       R0 
0x0894	0x5000      	MOVF        R0, 0 
0x0896	0x16C1      	ANDWF       ADCON1, 1 
;__Lib_ADC_A_D.c,18 :: 		
0x0898	0x0E07      	MOVLW       7
0x089A	0x12C0      	IORWF       ADCON2, 1 
;__Lib_ADC_A_D.c,19 :: 		
0x089C	0x8EC0      	BSF         ADCON2, 7 
;__Lib_ADC_A_D.c,20 :: 		
0x089E	0x80C2      	BSF         ADCON0, 0 
;__Lib_ADC_A_D.c,21 :: 		
L_end_ADC_Init:
0x08A0	0x0012      	RETURN      0
; end of _ADC_Init
_UART1_Init:
;__Lib_UART_c67.c,15 :: 		
;__Lib_UART_c67.c,18 :: 		
0x08A2	0x0E68      	MOVLW       _UART1_Write
0x08A4	0x0104      	MOVLB       4
0x08A6	0x6F5C      	MOVWF       _UART_Wr_Ptr, 1
0x08A8	0x0E04      	MOVLW       hi_addr(_UART1_Write)
0x08AA	0x6F5D      	MOVWF       _UART_Wr_Ptr+1, 1
0x08AC	0x0E72      	MOVLW       FARG_UART1_Write_data_
0x08AE	0x6F5E      	MOVWF       _UART_Wr_Ptr+2, 1
0x08B0	0x0E04      	MOVLW       hi_addr(FARG_UART1_Write_data_)
0x08B2	0x6F5F      	MOVWF       _UART_Wr_Ptr+3, 1
;__Lib_UART_c67.c,19 :: 		
0x08B4	0x0EFF      	MOVLW       _UART1_Read
0x08B6	0x6F50      	MOVWF       _UART_Rd_Ptr, 1
0x08B8	0x0EFF      	MOVLW       hi_addr(_UART1_Read)
0x08BA	0x6F51      	MOVWF       _UART_Rd_Ptr+1, 1
0x08BC	0x0E00      	MOVLW       0
0x08BE	0x6F52      	MOVWF       _UART_Rd_Ptr+2, 1
0x08C0	0x0E00      	MOVLW       0
0x08C2	0x6F53      	MOVWF       _UART_Rd_Ptr+3, 1
;__Lib_UART_c67.c,20 :: 		
0x08C4	0x0EFF      	MOVLW       _UART1_Data_Ready
0x08C6	0x6F54      	MOVWF       _UART_Rdy_Ptr, 1
0x08C8	0x0EFF      	MOVLW       hi_addr(_UART1_Data_Ready)
0x08CA	0x6F55      	MOVWF       _UART_Rdy_Ptr+1, 1
0x08CC	0x0E00      	MOVLW       0
0x08CE	0x6F56      	MOVWF       _UART_Rdy_Ptr+2, 1
0x08D0	0x0E00      	MOVLW       0
0x08D2	0x6F57      	MOVWF       _UART_Rdy_Ptr+3, 1
;__Lib_UART_c67.c,21 :: 		
0x08D4	0x0EFF      	MOVLW       _UART1_Tx_Idle
0x08D6	0x6F58      	MOVWF       _UART_Tx_Idle_Ptr, 1
0x08D8	0x0EFF      	MOVLW       hi_addr(_UART1_Tx_Idle)
0x08DA	0x6F59      	MOVWF       _UART_Tx_Idle_Ptr+1, 1
0x08DC	0x0E00      	MOVLW       0
0x08DE	0x6F5A      	MOVWF       _UART_Tx_Idle_Ptr+2, 1
0x08E0	0x0E00      	MOVLW       0
0x08E2	0x6F5B      	MOVWF       _UART_Tx_Idle_Ptr+3, 1
;__Lib_UART_c67.c,23 :: 		
0x08E4	0x8AAC      	BSF         TXSTA, 5 
;__Lib_UART_c67.c,24 :: 		
0x08E6	0x0E90      	MOVLW       144
0x08E8	0x6EAB      	MOVWF       RCSTA 
;__Lib_UART_c67.c,25 :: 		
0x08EA	0x8E94      	BSF         TRISC7_bit, BitPos(TRISC7_bit+0) 
;__Lib_UART_c67.c,26 :: 		
0x08EC	0x9C94      	BCF         TRISC6_bit, BitPos(TRISC6_bit+0) 
;__Lib_UART_c67.c,28 :: 		
L_UART1_Init0:
0x08EE	0xAA9E      	BTFSS       PIR1, 5 
0x08F0	0xD003      	BRA         L_UART1_Init1
;__Lib_UART_c67.c,29 :: 		
0x08F2	0xF000CFAE  	MOVFF       RCREG, R0
0x08F6	0xD7FB      	BRA         L_UART1_Init0
L_UART1_Init1:
;__Lib_UART_c67.c,30 :: 		
L_end_UART1_Init:
0x08F8	0x0012      	RETURN      0
; end of _UART1_Init
___CC2DW:
;__Lib_System.c,21 :: 		
;__Lib_System.c,23 :: 		
_CC2DL_Loop1:
;__Lib_System.c,24 :: 		
0x08FA	0x0009      	TBLRD*+
;__Lib_System.c,25 :: 		
0x08FC	0xFFE6CFF5  	MOVFF       TABLAT, POSTINC1
;__Lib_System.c,26 :: 		
0x0900	0x0600      	DECF        R0, 1, 0
;__Lib_System.c,27 :: 		
0x0902	0xE1FB      	BNZ         _CC2DL_Loop1
;__Lib_System.c,28 :: 		
0x0904	0x0601      	DECF        R1, 1, 0
;__Lib_System.c,29 :: 		
0x0906	0xE1F9      	BNZ         _CC2DL_Loop1
;__Lib_System.c,31 :: 		
L_end___CC2DW:
0x0908	0x0012      	RETURN      0
; end of ___CC2DW
_PORTS_Init:
;init_functions.h,2 :: 		
;init_functions.h,4 :: 		
0x090A	0x6A95      	CLRF        TRISD 
;init_functions.h,5 :: 		
0x090C	0x6A92      	CLRF        TRISA 
;init_functions.h,6 :: 		
0x090E	0x0EFD      	MOVLW       253
0x0910	0x6E93      	MOVWF       TRISB 
;init_functions.h,7 :: 		
0x0912	0x0EFF      	MOVLW       255
0x0914	0x6E94      	MOVWF       TRISC 
;init_functions.h,8 :: 		
0x0916	0x9096      	BCF         TRISE, 0 
;init_functions.h,9 :: 		
0x0918	0x9296      	BCF         TRISE, 1 
;init_functions.h,10 :: 		
0x091A	0x9496      	BCF         TRISE, 2 
;init_functions.h,11 :: 		
0x091C	0x9696      	BCF         TRISE, 3 
;init_functions.h,12 :: 		
L_end_PORTS_Init:
0x091E	0x0012      	RETURN      0
; end of _PORTS_Init
_displayIntSingleDigit:
;7seg_functions.h,60 :: 		
;7seg_functions.h,61 :: 		
0x0920	0x0E01      	MOVLW       1
0x0922	0x6E80      	MOVWF       PORTA 
0x0924	0x0EEF      	MOVLW       _DIGITS
0x0926	0x0104      	MOVLB       4
0x0928	0x2560      	ADDWF       FARG_displayIntSingleDigit_nb, 0, 1
0x092A	0x6EF6      	MOVWF       TBLPTR 
0x092C	0x0E0B      	MOVLW       hi_addr(_DIGITS)
0x092E	0x2161      	ADDWFC      FARG_displayIntSingleDigit_nb+1, 0, 1
0x0930	0x6EF7      	MOVWF       TBLPTR+1 
0x0932	0x0E00      	MOVLW       higher_addr(_DIGITS)
0x0934	0x6EF8      	MOVWF       TBLPTR+2 
0x0936	0x0E00      	MOVLW       0
0x0938	0xBF61      	BTFSC       FARG_displayIntSingleDigit_nb+1, 7, 1
0x093A	0x0EFF      	MOVLW       255
0x093C	0x22F8      	ADDWFC      TBLPTR+2, 1 
0x093E	0x0009      	TBLRD*+
0x0940	0xFF83CFF5  	MOVFF       TABLAT, PORTD
;7seg_functions.h,62 :: 		
L_end_displayIntSingleDigit:
0x0944	0x0012      	RETURN      0
; end of _displayIntSingleDigit
_Counting:
;counting_functions.h,16 :: 		
;counting_functions.h,18 :: 		
0x0946	0x0E00      	MOVLW       0
0x0948	0x1823      	XORWF       _flagStart+1, 0 
0x094A	0xE102      	BNZ         L__Counting98
0x094C	0x0E01      	MOVLW       1
0x094E	0x1822      	XORWF       _flagStart, 0 
L__Counting98:
0x0950	0xE10A      	BNZ         L_Counting27
;counting_functions.h,19 :: 		
0x0952	0x0E01      	MOVLW       1
0x0954	0x2420      	ADDWF       _cpt, 0 
0x0956	0x6E00      	MOVWF       R0 
0x0958	0x0E00      	MOVLW       0
0x095A	0x2021      	ADDWFC      _cpt+1, 0 
0x095C	0x6E01      	MOVWF       R1 
0x095E	0xF020C000  	MOVFF       R0, _cpt
0x0962	0xF021C001  	MOVFF       R1, _cpt+1
;counting_functions.h,20 :: 		
L_Counting27:
;counting_functions.h,21 :: 		
0x0966	0x0E80      	MOVLW       128
0x0968	0x0A04      	XORLW       4
0x096A	0x6E00      	MOVWF       R0 
0x096C	0x0E80      	MOVLW       128
0x096E	0x1821      	XORWF       _cpt+1, 0 
0x0970	0x5C00      	SUBWF       R0, 0 
0x0972	0xE102      	BNZ         L__Counting99
0x0974	0x5020      	MOVF        _cpt, 0 
0x0976	0x0800      	SUBLW       0
L__Counting99:
0x0978	0xE206      	BC          L_Counting28
;counting_functions.h,22 :: 		
0x097A	0x6A20      	CLRF        _cpt 
0x097C	0x6A21      	CLRF        _cpt+1 
;counting_functions.h,23 :: 		
0x097E	0x6A22      	CLRF        _flagStart 
0x0980	0x6A23      	CLRF        _flagStart+1 
;counting_functions.h,24 :: 		
0x0982	0x6A29      	CLRF        _prevrb7 
0x0984	0x6A2A      	CLRF        _prevrb7+1 
;counting_functions.h,25 :: 		
L_Counting28:
;counting_functions.h,26 :: 		
L_end_Counting:
0x0986	0x0012      	RETURN      0
; end of _Counting
_init_cpt_data:
;counting_functions.h,46 :: 		
;counting_functions.h,47 :: 		
0x0988	0x6A2F      	CLRF        _i 
0x098A	0x6A30      	CLRF        _i+1 
0x098C	0x6A31      	CLRF        _i+2 
0x098E	0x6A32      	CLRF        _i+3 
L_init_cpt_data32:
0x0990	0x0E00      	MOVLW       0
0x0992	0x5C32      	SUBWF       _i+3, 0 
0x0994	0xE108      	BNZ         L__init_cpt_data103
0x0996	0x0E00      	MOVLW       0
0x0998	0x5C31      	SUBWF       _i+2, 0 
0x099A	0xE105      	BNZ         L__init_cpt_data103
0x099C	0x0E04      	MOVLW       4
0x099E	0x5C30      	SUBWF       _i+1, 0 
0x09A0	0xE102      	BNZ         L__init_cpt_data103
0x09A2	0x0E00      	MOVLW       0
0x09A4	0x5C2F      	SUBWF       _i, 0 
L__init_cpt_data103:
0x09A6	0xE21C      	BC          L_init_cpt_data33
;counting_functions.h,48 :: 		
0x09A8	0x0E41      	MOVLW       _cpt_data
0x09AA	0x242F      	ADDWF       _i, 0 
0x09AC	0x6EE1      	MOVWF       FSR1L 
0x09AE	0x0E00      	MOVLW       hi_addr(_cpt_data)
0x09B0	0x2030      	ADDWFC      _i+1, 0 
0x09B2	0x6EE2      	MOVWF       FSR1L+1 
0x09B4	0x6AE6      	CLRF        POSTINC1 
;counting_functions.h,47 :: 		
0x09B6	0x0E01      	MOVLW       1
0x09B8	0x242F      	ADDWF       _i, 0 
0x09BA	0x6E00      	MOVWF       R0 
0x09BC	0x0E00      	MOVLW       0
0x09BE	0x2030      	ADDWFC      _i+1, 0 
0x09C0	0x6E01      	MOVWF       R1 
0x09C2	0x0E00      	MOVLW       0
0x09C4	0x2031      	ADDWFC      _i+2, 0 
0x09C6	0x6E02      	MOVWF       R2 
0x09C8	0x0E00      	MOVLW       0
0x09CA	0x2032      	ADDWFC      _i+3, 0 
0x09CC	0x6E03      	MOVWF       R3 
0x09CE	0xF02FC000  	MOVFF       R0, _i
0x09D2	0xF030C001  	MOVFF       R1, _i+1
0x09D6	0xF031C002  	MOVFF       R2, _i+2
0x09DA	0xF032C003  	MOVFF       R3, _i+3
;counting_functions.h,49 :: 		
0x09DE	0xD7D8      	BRA         L_init_cpt_data32
L_init_cpt_data33:
;counting_functions.h,50 :: 		
L_end_init_cpt_data:
0x09E0	0x0012      	RETURN      0
; end of _init_cpt_data
_Interrupt_Init:
;init_functions.h,15 :: 		
;init_functions.h,17 :: 		
0x09E2	0x8CF1      	BSF         INTCON2, 6 
;init_functions.h,18 :: 		
0x09E4	0x0EC0      	MOVLW       192
0x09E6	0x12F2      	IORWF       INTCON, 1 
;init_functions.h,19 :: 		
0x09E8	0x86F2      	BSF         INTCON, 3 
;init_functions.h,20 :: 		
0x09EA	0x90F2      	BCF         INTCON, 0 
;init_functions.h,21 :: 		
0x09EC	0x8A9D      	BSF         PIE1, 5 
;init_functions.h,22 :: 		
L_end_Interrupt_Init:
0x09EE	0x0012      	RETURN      0
; end of _Interrupt_Init
_main:
0x09F0	0xF005ECFD  	CALL        3066, 0
;main.c,125 :: 		void main() {
;main.c,127 :: 		PORTS_Init();  // On initialise les differents PORTs
0x09F4	0xDF8A      	RCALL       _PORTS_Init
;main.c,128 :: 		ADC_Init(); // On initialise le convertisseur ADC
0x09F6	0xDF43      	RCALL       _ADC_Init
;main.c,129 :: 		ADCON0 = 0;
0x09F8	0x6AC2      	CLRF        ADCON0 
;main.c,130 :: 		PORTE.B1 = 0;
0x09FA	0x9284      	BCF         PORTE, 1 
;main.c,131 :: 		PORTE.B2 = 0;
0x09FC	0x9484      	BCF         PORTE, 2 
;main.c,132 :: 		PORTE.B0 = 0;
0x09FE	0x9084      	BCF         PORTE, 0 
;main.c,133 :: 		PORTB.B1 = 0;
0x0A00	0x9281      	BCF         PORTB, 1 
;main.c,136 :: 		UART1_Init(9600); // Configuration de l'UART a une vitesse en Bauds donnee
0x0A02	0x86B8      	BSF         BAUDCON, 3, 0
0x0A04	0x0E04      	MOVLW       4
0x0A06	0x6EB0      	MOVWF       SPBRGH 
0x0A08	0x0EE1      	MOVLW       225
0x0A0A	0x6EAF      	MOVWF       SPBRG 
0x0A0C	0x84AC      	BSF         TXSTA, 2, 0
0x0A0E	0xDF49      	RCALL       _UART1_Init
;main.c,138 :: 		delay_ms(1000); // Attente de la stabilisation de l'UART
0x0A10	0x0E3D      	MOVLW       61
0x0A12	0x6E0B      	MOVWF       R11, 0
0x0A14	0x0EE1      	MOVLW       225
0x0A16	0x6E0C      	MOVWF       R12, 0
0x0A18	0x0E3F      	MOVLW       63
0x0A1A	0x6E0D      	MOVWF       R13, 0
L_main58:
0x0A1C	0x2E0D      	DECFSZ      R13, 1, 0
0x0A1E	0xD7FE      	BRA         L_main58
0x0A20	0x2E0C      	DECFSZ      R12, 1, 0
0x0A22	0xD7FC      	BRA         L_main58
0x0A24	0x2E0B      	DECFSZ      R11, 1, 0
0x0A26	0xD7FA      	BRA         L_main58
0x0A28	0x0000      	NOP
0x0A2A	0x0000      	NOP
;main.c,139 :: 		init_cpt_data();// Initilisation du tableau de donnees
0x0A2C	0xDFAD      	RCALL       _init_cpt_data
;main.c,140 :: 		Interrupt_Init(); // Configuration des registres d'interruption
0x0A2E	0xDFD9      	RCALL       _Interrupt_Init
;main.c,141 :: 		INTCON.RBIE=0; // Mais on conserve les interruptions desactivees sur PORTB pour le demarrage
0x0A30	0x96F2      	BCF         INTCON, 3 
;main.c,144 :: 		while (exitloop==0){
L_main59:
0x0A32	0x0E00      	MOVLW       0
0x0A34	0x182C      	XORWF       _exitloop+1, 0 
0x0A36	0xE102      	BNZ         L__main113
0x0A38	0x0E00      	MOVLW       0
0x0A3A	0x182B      	XORWF       _exitloop, 0 
L__main113:
0x0A3C	0xA4D8      	BTFSS       STATUS, 2 
0x0A3E	0xD0C6      	BRA         L_main60
;main.c,145 :: 		PORTE.B1 = 1;  // LED1 : A l'arret (Idle)
0x0A40	0x8284      	BSF         PORTE, 1 
;main.c,146 :: 		PORTE.B2 = 0;
0x0A42	0x9484      	BCF         PORTE, 2 
;main.c,147 :: 		PORTE.B0=mode; // LED0 : Indique le mode de fonctionnement (Erlang ou Poisson)
0x0A44	0xB02D      	BTFSC       _mode, 0 
0x0A46	0xD002      	BRA         L__main114
0x0A48	0x9084      	BCF         PORTE, 0 
0x0A4A	0xD001      	BRA         L__main115
L__main114:
0x0A4C	0x8084      	BSF         PORTE, 0 
L__main115:
;main.c,149 :: 		displayIntSingleDigit(k); // Affichage du k sur le premier digit 7 segments
0x0A4E	0xF460C033  	MOVFF       _k, FARG_displayIntSingleDigit_nb
0x0A52	0xF461C034  	MOVFF       _k+1, FARG_displayIntSingleDigit_nb+1
0x0A56	0xDF64      	RCALL       _displayIntSingleDigit
;main.c,153 :: 		if(PORTC.B2==1){
0x0A58	0xA482      	BTFSS       PORTC, 2 
0x0A5A	0xD016      	BRA         L_main61
;main.c,154 :: 		if(prevrc2==1){
0x0A5C	0x0E00      	MOVLW       0
0x0A5E	0x1836      	XORWF       _prevrc2+1, 0 
0x0A60	0xE102      	BNZ         L__main116
0x0A62	0x0E01      	MOVLW       1
0x0A64	0x1835      	XORWF       _prevrc2, 0 
L__main116:
0x0A66	0xE105      	BNZ         L_main62
;main.c,155 :: 		prevrc2=0;
0x0A68	0x6A35      	CLRF        _prevrc2 
0x0A6A	0x6A36      	CLRF        _prevrc2+1 
;main.c,156 :: 		mode=0;
0x0A6C	0x6A2D      	CLRF        _mode 
0x0A6E	0x6A2E      	CLRF        _mode+1 
;main.c,157 :: 		}
0x0A70	0xD008      	BRA         L_main63
L_main62:
;main.c,159 :: 		prevrc2=1;
0x0A72	0x0E01      	MOVLW       1
0x0A74	0x6E35      	MOVWF       _prevrc2 
0x0A76	0x0E00      	MOVLW       0
0x0A78	0x6E36      	MOVWF       _prevrc2+1 
;main.c,160 :: 		mode=1;
0x0A7A	0x0E01      	MOVLW       1
0x0A7C	0x6E2D      	MOVWF       _mode 
0x0A7E	0x0E00      	MOVLW       0
0x0A80	0x6E2E      	MOVWF       _mode+1 
;main.c,161 :: 		}
L_main63:
;main.c,162 :: 		while(PORTC.B2);
L_main64:
0x0A82	0xA482      	BTFSS       PORTC, 2 
0x0A84	0xD001      	BRA         L_main65
0x0A86	0xD7FD      	BRA         L_main64
L_main65:
;main.c,163 :: 		}
L_main61:
;main.c,166 :: 		while(flagProcess==1){
L_main66:
0x0A88	0x0E00      	MOVLW       0
0x0A8A	0x181D      	XORWF       _flagProcess+1, 0 
0x0A8C	0xE102      	BNZ         L__main117
0x0A8E	0x0E01      	MOVLW       1
0x0A90	0x181C      	XORWF       _flagProcess, 0 
L__main117:
0x0A92	0xA4D8      	BTFSS       STATUS, 2 
0x0A94	0xD07B      	BRA         L_main67
;main.c,167 :: 		PORTE.B1=0;
0x0A96	0x9284      	BCF         PORTE, 1 
;main.c,168 :: 		PORTE.B0=mode; // Affichage du mode de mesure
0x0A98	0xB02D      	BTFSC       _mode, 0 
0x0A9A	0xD002      	BRA         L__main118
0x0A9C	0x9084      	BCF         PORTE, 0 
0x0A9E	0xD001      	BRA         L__main119
L__main118:
0x0AA0	0x8084      	BSF         PORTE, 0 
L__main119:
;main.c,169 :: 		PORTE.B2=1; // LED2 : En cours d'execution
0x0AA2	0x8484      	BSF         PORTE, 2 
;main.c,171 :: 		if(mode==0){ // Erlang
0x0AA4	0x0E00      	MOVLW       0
0x0AA6	0x182E      	XORWF       _mode+1, 0 
0x0AA8	0xE102      	BNZ         L__main120
0x0AAA	0x0E00      	MOVLW       0
0x0AAC	0x182D      	XORWF       _mode, 0 
L__main120:
0x0AAE	0xE110      	BNZ         L_main68
;main.c,172 :: 		if(PORTC.B0==1){
0x0AB0	0xA082      	BTFSS       PORTC, 0 
0x0AB2	0xD00C      	BRA         L_main69
;main.c,173 :: 		if(prevrc0==0){
0x0AB4	0x0E00      	MOVLW       0
0x0AB6	0x181F      	XORWF       _prevrc0+1, 0 
0x0AB8	0xE102      	BNZ         L__main121
0x0ABA	0x0E00      	MOVLW       0
0x0ABC	0x181E      	XORWF       _prevrc0, 0 
L__main121:
0x0ABE	0xE105      	BNZ         L_main70
;main.c,174 :: 		Counting(); // Incrementation du compteur
0x0AC0	0xDF42      	RCALL       _Counting
;main.c,175 :: 		prevrc0=1;
0x0AC2	0x0E01      	MOVLW       1
0x0AC4	0x6E1E      	MOVWF       _prevrc0 
0x0AC6	0x0E00      	MOVLW       0
0x0AC8	0x6E1F      	MOVWF       _prevrc0+1 
;main.c,176 :: 		}
L_main70:
;main.c,177 :: 		}
0x0ACA	0xD002      	BRA         L_main71
L_main69:
;main.c,179 :: 		prevrc0=0;  // Sauvegarde du dernier etat de RC0
0x0ACC	0x6A1E      	CLRF        _prevrc0 
0x0ACE	0x6A1F      	CLRF        _prevrc0+1 
;main.c,180 :: 		}
L_main71:
;main.c,181 :: 		}
L_main68:
;main.c,183 :: 		if(mode==1){ // Poisson
0x0AD0	0x0E00      	MOVLW       0
0x0AD2	0x182E      	XORWF       _mode+1, 0 
0x0AD4	0xE102      	BNZ         L__main122
0x0AD6	0x0E01      	MOVLW       1
0x0AD8	0x182D      	XORWF       _mode, 0 
L__main122:
0x0ADA	0xE12F      	BNZ         L_main72
;main.c,184 :: 		flagStart=1;
0x0ADC	0x0E01      	MOVLW       1
0x0ADE	0x6E22      	MOVWF       _flagStart 
0x0AE0	0x0E00      	MOVLW       0
0x0AE2	0x6E23      	MOVWF       _flagStart+1 
;main.c,185 :: 		if(PORTC.B0==1){
0x0AE4	0xA082      	BTFSS       PORTC, 0 
0x0AE6	0xD018      	BRA         L_main73
;main.c,186 :: 		cpt_data[cpt]++; // Enregistrement sur le canau correspondant au nb d'impulsion mesurees
0x0AE8	0x0E41      	MOVLW       _cpt_data
0x0AEA	0x2420      	ADDWF       _cpt, 0 
0x0AEC	0x6E01      	MOVWF       R1 
0x0AEE	0x0E00      	MOVLW       hi_addr(_cpt_data)
0x0AF0	0x2021      	ADDWFC      _cpt+1, 0 
0x0AF2	0x6E02      	MOVWF       R2 
0x0AF4	0xFFE9C001  	MOVFF       R1, FSR0L
0x0AF8	0xFFEAC002  	MOVFF       R2, FSR0H
0x0AFC	0xF000CFEE  	MOVFF       POSTINC0, R0
0x0B00	0x2A00      	INCF        R0, 1 
0x0B02	0xFFE1C001  	MOVFF       R1, FSR1L
0x0B06	0xFFE2C002  	MOVFF       R2, FSR1H
0x0B0A	0xFFE6C000  	MOVFF       R0, POSTINC1
;main.c,187 :: 		cpt=0;          // Reset du compteur
0x0B0E	0x6A20      	CLRF        _cpt 
0x0B10	0x6A21      	CLRF        _cpt+1 
;main.c,188 :: 		while(PORTC.B0); // On attend que le niveau haut d'horloge se termine
L_main74:
0x0B12	0xA082      	BTFSS       PORTC, 0 
0x0B14	0xD001      	BRA         L_main75
0x0B16	0xD7FD      	BRA         L_main74
L_main75:
;main.c,189 :: 		}
L_main73:
;main.c,191 :: 		if(cpt_data[cpt]==255){  // Lorsqu'une cellule du tableau de donnee atteint sa valeur maximale, on envoie les donnees sur le PC
0x0B18	0x0E41      	MOVLW       _cpt_data
0x0B1A	0x2420      	ADDWF       _cpt, 0 
0x0B1C	0x6EE9      	MOVWF       FSR0L 
0x0B1E	0x0E00      	MOVLW       hi_addr(_cpt_data)
0x0B20	0x2021      	ADDWFC      _cpt+1, 0 
0x0B22	0x6EEA      	MOVWF       FSR0L+1 
0x0B24	0xF001CFEE  	MOVFF       POSTINC0, R1
0x0B28	0x5001      	MOVF        R1, 0 
0x0B2A	0x0AFF      	XORLW       255
0x0B2C	0xE106      	BNZ         L_main76
;main.c,192 :: 		INTCON &= 0b00110111; // Desactive toutes les interruptions pour l'ecriture
0x0B2E	0x0E37      	MOVLW       55
0x0B30	0x16F2      	ANDWF       INTCON, 1 
;main.c,193 :: 		flagWrite = 1; // On active le flag d'ecriture des donnees
0x0B32	0x0E01      	MOVLW       1
0x0B34	0x6E25      	MOVWF       _flagWrite 
0x0B36	0x0E00      	MOVLW       0
0x0B38	0x6E26      	MOVWF       _flagWrite+1 
;main.c,194 :: 		}
L_main76:
;main.c,195 :: 		}
L_main72:
;main.c,199 :: 		if(flagWrite==1){ // Pour l'envoie des donnees
0x0B3A	0x0E00      	MOVLW       0
0x0B3C	0x1826      	XORWF       _flagWrite+1, 0 
0x0B3E	0xE102      	BNZ         L__main123
0x0B40	0x0E01      	MOVLW       1
0x0B42	0x1825      	XORWF       _flagWrite, 0 
L__main123:
0x0B44	0xE106      	BNZ         L_main77
;main.c,200 :: 		send_data(); // Envoie les donnees vers le terminal
0x0B46	0xDE40      	RCALL       _send_data
;main.c,201 :: 		init_cpt_data();
0x0B48	0xDF1F      	RCALL       _init_cpt_data
;main.c,202 :: 		flagWrite=0;
0x0B4A	0x6A25      	CLRF        _flagWrite 
0x0B4C	0x6A26      	CLRF        _flagWrite+1 
;main.c,203 :: 		INTCON |= 0b11001000; // Reactive toutes les interruptions
0x0B4E	0x0EC8      	MOVLW       200
0x0B50	0x12F2      	IORWF       INTCON, 1 
;main.c,204 :: 		}
L_main77:
;main.c,206 :: 		while(PORTC.B1==1){ // Met en pause les mesures lors de l'appui sur le bouton RC1
L_main78:
0x0B52	0xA282      	BTFSS       PORTC, 1 
0x0B54	0xD01A      	BRA         L_main79
;main.c,207 :: 		if(prevrc1==0){
0x0B56	0x0E00      	MOVLW       0
0x0B58	0x1828      	XORWF       _prevrc1+1, 0 
0x0B5A	0xE102      	BNZ         L__main124
0x0B5C	0x0E00      	MOVLW       0
0x0B5E	0x1827      	XORWF       _prevrc1, 0 
L__main124:
0x0B60	0xE113      	BNZ         L_main80
;main.c,208 :: 		INTCON.RBIE=0; // Desactive les interruptions sur PORTB
0x0B62	0x96F2      	BCF         INTCON, 3 
;main.c,209 :: 		flagProcess = 0;    // Met a jour le flag de sortie de boucle
0x0B64	0x6A1C      	CLRF        _flagProcess 
0x0B66	0x6A1D      	CLRF        _flagProcess+1 
;main.c,210 :: 		prevrc1=1;          // Sauvegarde du dernier etat de RC1
0x0B68	0x0E01      	MOVLW       1
0x0B6A	0x6E27      	MOVWF       _prevrc1 
0x0B6C	0x0E00      	MOVLW       0
0x0B6E	0x6E28      	MOVWF       _prevrc1+1 
;main.c,211 :: 		UART_Write('i'); // On envoie une commande indiquant l'etat "Idle" a l'app
0x0B70	0x0E69      	MOVLW       105
0x0B72	0x0104      	MOVLB       4
0x0B74	0x6F62      	MOVWF       FARG_UART_Write__data, 1
0x0B76	0xDDB7      	RCALL       _UART_Write
;main.c,212 :: 		UART_Write(0x0D);
0x0B78	0x0E0D      	MOVLW       13
0x0B7A	0x0104      	MOVLB       4
0x0B7C	0x6F62      	MOVWF       FARG_UART_Write__data, 1
0x0B7E	0xDDB3      	RCALL       _UART_Write
;main.c,213 :: 		UART_Write(0x0A);
0x0B80	0x0E0A      	MOVLW       10
0x0B82	0x0104      	MOVLB       4
0x0B84	0x6F62      	MOVWF       FARG_UART_Write__data, 1
0x0B86	0xDDAF      	RCALL       _UART_Write
;main.c,214 :: 		}
L_main80:
;main.c,215 :: 		}
0x0B88	0xD7E4      	BRA         L_main78
L_main79:
;main.c,216 :: 		}
0x0B8A	0xD77E      	BRA         L_main66
L_main67:
;main.c,220 :: 		while(PORTC.B1==1){
L_main81:
0x0B8C	0xA282      	BTFSS       PORTC, 1 
0x0B8E	0xD01D      	BRA         L_main82
;main.c,221 :: 		if(prevrc1==1){
0x0B90	0x0E00      	MOVLW       0
0x0B92	0x1828      	XORWF       _prevrc1+1, 0 
0x0B94	0xE102      	BNZ         L__main125
0x0B96	0x0E01      	MOVLW       1
0x0B98	0x1827      	XORWF       _prevrc1, 0 
L__main125:
0x0B9A	0xE116      	BNZ         L_main83
;main.c,222 :: 		UART_Write('m'); // On envoie une commande indiquant l'etat "Measuring" a l'app
0x0B9C	0x0E6D      	MOVLW       109
0x0B9E	0x0104      	MOVLB       4
0x0BA0	0x6F62      	MOVWF       FARG_UART_Write__data, 1
0x0BA2	0xDDA1      	RCALL       _UART_Write
;main.c,223 :: 		UART_Write(0x0D);
0x0BA4	0x0E0D      	MOVLW       13
0x0BA6	0x0104      	MOVLB       4
0x0BA8	0x6F62      	MOVWF       FARG_UART_Write__data, 1
0x0BAA	0xDD9D      	RCALL       _UART_Write
;main.c,224 :: 		UART_Write(0x0A);
0x0BAC	0x0E0A      	MOVLW       10
0x0BAE	0x0104      	MOVLB       4
0x0BB0	0x6F62      	MOVWF       FARG_UART_Write__data, 1
0x0BB2	0xDD99      	RCALL       _UART_Write
;main.c,225 :: 		cpt=0;           // On initialise le compteur
0x0BB4	0x6A20      	CLRF        _cpt 
0x0BB6	0x6A21      	CLRF        _cpt+1 
;main.c,226 :: 		init_cpt_data(); // Et on initialise le tableau de donnees avant lancement
0x0BB8	0xDEE7      	RCALL       _init_cpt_data
;main.c,227 :: 		flagProcess = 1;    // Met a jour le flag de sortie de boucle
0x0BBA	0x0E01      	MOVLW       1
0x0BBC	0x6E1C      	MOVWF       _flagProcess 
0x0BBE	0x0E00      	MOVLW       0
0x0BC0	0x6E1D      	MOVWF       _flagProcess+1 
;main.c,228 :: 		prevrc1=0;          // Sauvegarde du dernier etat de RC1
0x0BC2	0x6A27      	CLRF        _prevrc1 
0x0BC4	0x6A28      	CLRF        _prevrc1+1 
;main.c,229 :: 		INTCON.RBIE=1; // Active les interruptions sur PORTB en dernier
0x0BC6	0x86F2      	BSF         INTCON, 3 
;main.c,230 :: 		}
L_main83:
;main.c,231 :: 		}
0x0BC8	0xD7E1      	BRA         L_main81
L_main82:
;main.c,232 :: 		}
0x0BCA	0xD733      	BRA         L_main59
L_main60:
;main.c,233 :: 		}
L_end_main:
0x0BCC	0xD7FF      	BRA         $+0
; end of _main
0x0BFA	0xF01CEE10  	LFSR        1, 28
0x0BFE	0x0E21      	MOVLW       33
0x0C00	0x6E00      	MOVWF       R0 
0x0C02	0x0E01      	MOVLW       1
0x0C04	0x6E01      	MOVWF       R1 
0x0C06	0x0ECE      	MOVLW       206
0x0C08	0x6EF6      	MOVWF       TBLPTR 
0x0C0A	0x0E0B      	MOVLW       11
0x0C0C	0x6EF7      	MOVWF       TBLPTRH 
0x0C0E	0x0E00      	MOVLW       0
0x0C10	0x6EF8      	MOVWF       TBLPTRU 
0x0C12	0xF004EC7D  	CALL        2298, 0
0x0C16	0x0012      	RETURN      0
;main.c,0 :: ?ICS_flagProcess
0x0BCE	0x0000 ;?ICS_flagProcess+0
; end of ?ICS_flagProcess
;main.c,0 :: ?ICS_prevrc0
0x0BD0	0x0001 ;?ICS_prevrc0+0
; end of ?ICS_prevrc0
;main.c,0 :: ?ICS_cpt
0x0BD2	0x0000 ;?ICS_cpt+0
; end of ?ICS_cpt
;main.c,0 :: ?ICS_flagStart
0x0BD4	0x0000 ;?ICS_flagStart+0
; end of ?ICS_flagStart
;__Lib_ADC_A_D.c,0 :: ?ICS_vref_mask
0x0BD6	0x30 ;?ICS_vref_mask+0
; end of ?ICS_vref_mask
;main.c,0 :: ?ICS_flagWrite
0x0BD7	0x0000 ;?ICS_flagWrite+0
; end of ?ICS_flagWrite
;main.c,0 :: ?ICS_prevrc1
0x0BD9	0x0001 ;?ICS_prevrc1+0
; end of ?ICS_prevrc1
;main.c,0 :: ?ICS_prevrb7
0x0BDB	0x0001 ;?ICS_prevrb7+0
; end of ?ICS_prevrb7
;main.c,0 :: ?ICS_exitloop
0x0BDD	0x0000 ;?ICS_exitloop+0
; end of ?ICS_exitloop
;main.c,0 :: ?ICS_mode
0x0BDF	0x0000 ;?ICS_mode+0
; end of ?ICS_mode
;main.c,0 :: ?ICS_i
0x0BE1	0x0000 ;?ICS_i+0
0x0BE3	0x0000 ;?ICS_i+2
; end of ?ICS_i
;main.c,0 :: ?ICS_k
0x0BE5	0x0001 ;?ICS_k+0
; end of ?ICS_k
;main.c,0 :: ?ICS_prevrc2
0x0BE7	0x0000 ;?ICS_prevrc2+0
; end of ?ICS_prevrc2
;main.c,0 :: ?ICS_j
0x0BE9	0x0000 ;?ICS_j+0
; end of ?ICS_j
;main.c,0 :: ?ICS_cptk
0x0BEB	0x0000 ;?ICS_cptk+0
; end of ?ICS_cptk
;main.c,0 :: ?ICS_received_k_factor
0x0BED	0x0001 ;?ICS_received_k_factor+0
; end of ?ICS_received_k_factor
;main.c,5 :: _DIGITS
0x0BEF	0x063F ;_DIGITS+0
0x0BF1	0x4F5B ;_DIGITS+2
0x0BF3	0x6D66 ;_DIGITS+4
0x0BF5	0x077D ;_DIGITS+6
0x0BF7	0x6F7F ;_DIGITS+8
; end of _DIGITS
Symbol List:
//** Routines locations **
//ADDRESS    SIZE    PROCEDURE
//----------------------------------------------
0x0008     [372]    _interrupt
0x017C     [748]    _Div_32x32_U
0x0468      [14]    _UART1_Write
0x0476      [54]    _Div_16X16_U
0x04AC      [24]    _____DoIFC
0x04C4     [322]    _LongIntToStrWithZeros
0x0606     [224]    _IntToStrWithZeros
0x06E6      [24]    _UART_Write
0x06FE     [106]    _UART_send_long_int
0x0768      [96]    _UART_send_int
0x07C8     [182]    _send_data
0x087E      [36]    _ADC_Init
0x08A2      [88]    _UART1_Init
0x08FA      [16]    ___CC2DW
0x090A      [22]    _PORTS_Init
0x0920      [38]    _displayIntSingleDigit
0x0946      [66]    _Counting
0x0988      [90]    _init_cpt_data
0x09E2      [14]    _Interrupt_Init
0x09F0     [478]    _main
//** Variables locations ** 
//ADDRESS    SIZE    VARIABLE
//----------------------------------------------
0x0000       [1]    R0
0x0000       [1]    UART1_Init_tmp_L0
0x0001       [1]    __Lib_Conversions_Adjust_Hex_tmp_L0
0x0001       [1]    R1
0x0001       [1]    UART1_Read___tmp_UART1_Read_L0
0x0002       [2]    memchr_s_L0
0x0002       [2]    memset_pp_L0
0x0002       [2]    memcpy_dd_L0
0x0002       [1]    R2
0x0002       [2]    strlen_cp_L0
0x0003       [1]    R3
0x0003       [2]    Ltrim_original_L0
0x0003       [2]    memmove_tt_L0
0x0004       [2]    strcat_cp_L0
0x0004       [2]    memcpy_ss_L0
0x0004       [2]    strncpy_cp_L0
0x0004       [1]    R4
0x0004       [2]    strcpy_cp_L0
0x0004       [2]    strncat_cp_L0
0x0005       [2]    LongWordToHex_input_half_L0
0x0005       [2]    memmove_ff_L0
0x0005       [2]    Ltrim_p_L0
0x0005       [1]    R5
0x0005       [2]    LongIntToHex_input_half_L0
0x0006       [1]    R6
0x0007       [1]    R7
0x0008       [1]    R8
0x0009       [1]    R9
0x000A       [1]    R10
0x000B       [1]    R11
0x000C       [1]    R12
0x000D       [1]    R13
0x000E       [1]    R14
0x000F       [1]    R15
0x0010       [1]    R16
0x0011       [1]    R17
0x0012       [1]    R18
0x0013       [1]    R19
0x0014       [1]    R20
0x001C       [2]    _flagProcess
0x001E       [2]    _prevrc0
0x0020       [2]    _cpt
0x0022       [2]    _flagStart
0x0024       [1]    _vref_mask
0x0025       [2]    _flagWrite
0x0027       [2]    _prevrc1
0x0029       [2]    _prevrb7
0x002B       [2]    _exitloop
0x002D       [2]    _mode
0x002F       [4]    _i
0x0033       [2]    _k
0x0035       [2]    _prevrc2
0x0037       [2]    _j
0x0039       [2]    _cptk
0x003B       [2]    _received_k_factor
0x003D       [4]    _ADC_Get_Sample_Ptr
0x0041    [1024]    _cpt_data
0x0441      [15]    _str
0x0450       [4]    _UART_Rd_Ptr
0x0454       [4]    _UART_Rdy_Ptr
0x0458       [4]    _UART_Tx_Idle_Ptr
0x045C       [4]    _UART_Wr_Ptr
0x0460       [2]    FARG_displayIntSingleDigit_nb
0x0462       [2]    FARG_UART_send_int_d
0x0462       [2]    FARG_UART_send_long_int_d
0x0462       [1]    FARG_UART_Write__data
0x0464       [4]    FARG_LongIntToStrWithZeros_input
0x0464       [2]    FARG_IntToStrWithZeros_input
0x0466       [2]    FARG_IntToStrWithZeros_output
0x0468       [2]    FARG_LongIntToStrWithZeros_output
0x0468       [1]    IntToStrWithZeros_negative_L0
0x0469       [1]    IntToStrWithZeros_len_L0
0x046A       [2]    IntToStrWithZeros_tmp_L0
0x046A       [1]    LongIntToStrWithZeros_negative_L0
0x046B       [1]    LongIntToStrWithZeros_len_L0
0x046C       [4]    LongIntToStrWithZeros_tmp_L0
0x046C       [2]    FLOC__IntToStrWithZeros
0x0470       [2]    FLOC__LongIntToStrWithZeros
0x0472       [1]    FARG_UART1_Write_data_
0x0473       [1]    interrupt_received_data_L1
0x0F80       [1]    PORTA
0x0F81       [1]    PORTB
0x0F82       [1]    PORTC
0x0F83       [1]    PORTD
0x0F84       [1]    PORTE
0x0F92       [1]    TRISA
0x0F93       [1]    TRISB
0x0F94       [0]    TRISC7_bit
0x0F94       [0]    TRISC6_bit
0x0F94       [1]    TRISC
0x0F95       [1]    TRISD
0x0F96       [1]    TRISE
0x0F9D       [1]    PIE1
0x0F9E       [1]    PIR1
0x0FAB       [1]    RCSTA
0x0FAC       [1]    TXSTA
0x0FAD       [1]    TXREG
0x0FAE       [1]    RCREG
0x0FAF       [1]    SPBRG
0x0FB0       [1]    SPBRGH
0x0FB8       [1]    BAUDCON
0x0FC0       [1]    ADCON2
0x0FC1       [1]    ADCON1
0x0FC2       [1]    ADCON0
0x0FD8       [1]    STATUS
0x0FD9       [1]    FSR2L
0x0FDA       [1]    FSR2H
0x0FDE       [1]    POSTINC2
0x0FE0       [1]    BSR
0x0FE1       [2]    FSR1
0x0FE1       [1]    FSR1L
0x0FE2       [1]    FSR1H
0x0FE4       [1]    PREINC1
0x0FE6       [1]    POSTINC1
0x0FE7       [1]    INDF1
0x0FE8       [1]    WREG
0x0FE9       [1]    FSR0L
0x0FEA       [1]    FSR0H
0x0FEE       [1]    POSTINC0
0x0FF1       [1]    INTCON2
0x0FF2       [1]    INTCON
0x0FF3       [1]    PRODL
0x0FF4       [1]    PRODH
0x0FF5       [1]    TABLAT
0x0FF6       [3]    TBLPTR
0x0FF6       [1]    TBLPTRL
0x0FF7       [1]    TBLPTRH
0x0FF8       [1]    TBLPTRU
0x0FFD       [1]    TOSL
0x0FFE       [1]    TOSH
0x0FFF       [1]    TOSU
//** Constants locations ** 
//ADDRESS    SIZE    CONSTANT
//----------------------------------------------
0x0BCE       [2]    ?ICS_flagProcess
0x0BD0       [2]    ?ICS_prevrc0
0x0BD2       [2]    ?ICS_cpt
0x0BD4       [2]    ?ICS_flagStart
0x0BD6       [1]    ?ICS_vref_mask
0x0BD7       [2]    ?ICS_flagWrite
0x0BD9       [2]    ?ICS_prevrc1
0x0BDB       [2]    ?ICS_prevrb7
0x0BDD       [2]    ?ICS_exitloop
0x0BDF       [2]    ?ICS_mode
0x0BE1       [4]    ?ICS_i
0x0BE5       [2]    ?ICS_k
0x0BE7       [2]    ?ICS_prevrc2
0x0BE9       [2]    ?ICS_j
0x0BEB       [2]    ?ICS_cptk
0x0BED       [2]    ?ICS_received_k_factor
0x0BEF      [10]    _DIGITS
